2026-01-18 21:59:28,876 - INFO - Opened SHORT position at 2071.2 on 2025-12-08 10:05:00+05:30
2026-01-18 21:59:29,128 - INFO - End time reached. Auto-closing open position.
2026-01-18 21:59:29,128 - INFO - Closed SHORT position: P&L=20.50
2026-01-18 21:59:29,135 - INFO - Saved trade: 0, P&L=20.5
2026-01-18 21:59:29,583 - INFO - Opened LONG position at 2092.6 on 2025-12-10 09:38:00+05:30
2026-01-18 21:59:29,643 - INFO - Closed LONG position: P&L=-22.30
2026-01-18 21:59:29,643 - INFO - Opened SHORT position at 2073.7 on 2025-12-10 10:58:00+05:30
2026-01-18 21:59:29,645 - INFO - Saved trade: 1, P&L=-22.3
2026-01-18 21:59:30,115 - INFO - End time reached. Auto-closing open position.
2026-01-18 21:59:30,115 - INFO - Closed SHORT position: P&L=6.80
2026-01-18 21:59:30,117 - INFO - Saved trade: 2, P&L=6.8
2026-01-18 21:59:30,677 - INFO - Opened SHORT position at 2053.3 on 2025-12-11 13:09:00+05:30
2026-01-18 21:59:30,773 - INFO - End time reached. Auto-closing open position.
2026-01-18 21:59:30,773 - INFO - Closed SHORT position: P&L=-12.50
2026-01-18 21:59:30,775 - INFO - Saved trade: 3, P&L=-12.5
2026-01-18 21:59:31,271 - INFO - Opened LONG position at 2080.7 on 2025-12-12 09:37:00+05:30
2026-01-18 21:59:31,298 - INFO - Closed LONG position: P&L=-8.40
2026-01-18 21:59:31,298 - INFO - Opened SHORT position at 2073.9 on 2025-12-12 10:09:00+05:30
2026-01-18 21:59:31,300 - INFO - Saved trade: 4, P&L=-8.4
2026-01-18 21:59:31,885 - INFO - Closed SHORT position: P&L=-9.00
2026-01-18 21:59:31,885 - INFO - Opened LONG position at 2082.8 on 2025-12-12 12:36:00+05:30
2026-01-18 21:59:31,887 - INFO - Saved trade: 5, P&L=-9.0
2026-01-18 21:59:32,536 - INFO - End time reached. Auto-closing open position.
2026-01-18 21:59:32,536 - INFO - Closed LONG position: P&L=-2.00
2026-01-18 21:59:32,538 - INFO - Saved trade: 6, P&L=-2.0
2026-01-18 21:59:33,144 - INFO - Opened SHORT position at 2063.5 on 2025-12-15 09:41:00+05:30
2026-01-18 21:59:33,420 - INFO - End time reached. Auto-closing open position.
2026-01-18 21:59:33,420 - INFO - Closed SHORT position: P&L=-6.90
2026-01-18 21:59:33,422 - INFO - Saved trade: 7, P&L=-6.9
2026-01-18 21:59:34,179 - INFO - Opened SHORT position at 2050.0 on 2025-12-16 10:01:00+05:30
2026-01-18 21:59:34,436 - INFO - End time reached. Auto-closing open position.
2026-01-18 21:59:34,436 - INFO - Closed SHORT position: P&L=12.70
2026-01-18 21:59:34,438 - INFO - Saved trade: 8, P&L=12.7
2026-01-18 21:59:35,382 - INFO - Opened SHORT position at 2022.8 on 2025-12-17 12:03:00+05:30
2026-01-18 21:59:35,536 - INFO - End time reached. Auto-closing open position.
2026-01-18 21:59:35,536 - INFO - Closed SHORT position: P&L=0.70
2026-01-18 21:59:35,538 - INFO - Saved trade: 9, P&L=0.7
2026-01-18 21:59:36,505 - INFO - Opened LONG position at 2025.4 on 2025-12-18 10:18:00+05:30
2026-01-18 21:59:36,751 - INFO - End time reached. Auto-closing open position.
2026-01-18 21:59:36,751 - INFO - Closed LONG position: P&L=-0.90
2026-01-18 21:59:36,753 - INFO - Saved trade: 10, P&L=-0.9
2026-01-18 21:59:37,800 - INFO - Opened LONG position at 2052.7 on 2025-12-19 09:54:00+05:30
2026-01-18 21:59:38,067 - INFO - End time reached. Auto-closing open position.
2026-01-18 21:59:38,067 - INFO - Closed LONG position: P&L=-9.10
2026-01-18 21:59:38,069 - INFO - Saved trade: 11, P&L=-9.1
2026-01-18 21:59:39,701 - INFO - Opened LONG position at 2057.3 on 2025-12-23 09:38:00+05:30
2026-01-18 21:59:39,707 - INFO - Closed LONG position: P&L=-9.00
2026-01-18 21:59:39,708 - INFO - Opened SHORT position at 2048.7 on 2025-12-23 09:45:00+05:30
2026-01-18 21:59:39,710 - INFO - Saved trade: 12, P&L=-9.0
2026-01-18 21:59:41,231 - INFO - End time reached. Auto-closing open position.
2026-01-18 21:59:41,231 - INFO - Closed SHORT position: P&L=0.50
2026-01-18 21:59:41,233 - INFO - Saved trade: 13, P&L=0.5
2026-01-18 21:59:42,511 - INFO - Opened LONG position at 2063.6 on 2025-12-24 09:35:00+05:30
2026-01-18 21:59:42,639 - INFO - Closed LONG position: P&L=-23.40
2026-01-18 21:59:42,639 - INFO - Opened SHORT position at 2040.9 on 2025-12-24 12:14:00+05:30
2026-01-18 21:59:42,641 - INFO - Saved trade: 14, P&L=-23.4
2026-01-18 21:59:44,185 - INFO - End time reached. Auto-closing open position.
2026-01-18 21:59:44,185 - INFO - Closed SHORT position: P&L=6.50
2026-01-18 21:59:44,187 - INFO - Saved trade: 15, P&L=6.5
2026-01-18 21:59:45,672 - INFO - Opened SHORT position at 2024.0 on 2025-12-26 10:11:00+05:30
2026-01-18 21:59:45,925 - INFO - End time reached. Auto-closing open position.
2026-01-18 21:59:45,925 - INFO - Closed SHORT position: P&L=10.80
2026-01-18 21:59:45,927 - INFO - Saved trade: 16, P&L=10.8
2026-01-18 21:59:47,593 - INFO - Opened SHORT position at 2000.1 on 2025-12-29 10:00:00+05:30
2026-01-18 21:59:47,875 - INFO - End time reached. Auto-closing open position.
2026-01-18 21:59:47,875 - INFO - Closed SHORT position: P&L=-10.00
2026-01-18 21:59:47,878 - INFO - Saved trade: 17, P&L=-10.0
2026-01-18 21:59:50,737 - INFO - Opened SHORT position at 2000.7 on 2025-12-30 09:38:00+05:30
2026-01-18 21:59:51,515 - INFO - End time reached. Auto-closing open position.
2026-01-18 21:59:51,515 - INFO - Closed SHORT position: P&L=-13.40
2026-01-18 21:59:51,520 - INFO - Saved trade: 18, P&L=-13.4
2026-01-18 21:59:55,391 - INFO - Opened SHORT position at 2011.7 on 2025-12-31 09:45:00+05:30
2026-01-18 21:59:55,675 - INFO - End time reached. Auto-closing open position.
2026-01-18 21:59:55,675 - INFO - Closed SHORT position: P&L=-28.90
2026-01-18 21:59:55,677 - INFO - Saved trade: 19, P&L=-28.9
2026-01-18 21:59:57,619 - INFO - Opened SHORT position at 2032.4 on 2026-01-01 09:34:00+05:30
2026-01-18 21:59:57,905 - INFO - End time reached. Auto-closing open position.
2026-01-18 21:59:57,906 - INFO - Closed SHORT position: P&L=-3.40
2026-01-18 21:59:57,907 - INFO - Saved trade: 20, P&L=-3.4
2026-01-18 22:00:03,233 - INFO - Opened LONG position at 2072.7 on 2026-01-06 10:11:00+05:30
2026-01-19 19:08:12,829 - INFO - Opened SHORT position at 2071.2 on 2025-12-08 10:05:00+05:30
2026-01-19 19:08:13,041 - INFO - End time reached. Auto-closing open position.
2026-01-19 19:08:13,041 - INFO - Closed SHORT position: P&L=20.50
2026-01-19 19:08:13,053 - INFO - Saved trade: 0, P&L=20.5
2026-01-19 19:08:13,610 - INFO - Opened LONG position at 2092.6 on 2025-12-10 09:38:00+05:30
2026-01-19 19:08:13,683 - INFO - Closed LONG position: P&L=-22.30
2026-01-19 19:08:13,684 - INFO - Opened SHORT position at 2073.7 on 2025-12-10 10:58:00+05:30
2026-01-19 19:08:13,685 - INFO - Saved trade: 1, P&L=-22.3
2026-01-19 19:08:14,162 - INFO - End time reached. Auto-closing open position.
2026-01-19 19:08:14,162 - INFO - Closed SHORT position: P&L=6.80
2026-01-19 19:08:14,164 - INFO - Saved trade: 2, P&L=6.8
2026-01-19 19:08:14,728 - INFO - Opened SHORT position at 2053.3 on 2025-12-11 13:09:00+05:30
2026-01-19 19:08:14,821 - INFO - End time reached. Auto-closing open position.
2026-01-19 19:08:14,821 - INFO - Closed SHORT position: P&L=-12.50
2026-01-19 19:08:14,823 - INFO - Saved trade: 3, P&L=-12.5
2026-01-19 19:08:15,439 - INFO - Opened LONG position at 2080.7 on 2025-12-12 09:37:00+05:30
2026-01-19 19:08:15,475 - INFO - Closed LONG position: P&L=-8.40
2026-01-19 19:08:15,475 - INFO - Opened SHORT position at 2073.9 on 2025-12-12 10:09:00+05:30
2026-01-19 19:08:15,478 - INFO - Saved trade: 4, P&L=-8.4
2026-01-19 19:08:16,169 - INFO - Closed SHORT position: P&L=-9.00
2026-01-19 19:08:16,170 - INFO - Opened LONG position at 2082.8 on 2025-12-12 12:36:00+05:30
2026-01-19 19:08:16,173 - INFO - Saved trade: 5, P&L=-9.0
2026-01-19 19:08:18,600 - INFO - End time reached. Auto-closing open position.
2026-01-19 19:08:18,600 - INFO - Closed LONG position: P&L=-2.00
2026-01-19 19:08:18,605 - INFO - Saved trade: 6, P&L=-2.0
2026-01-19 19:08:20,707 - INFO - Opened SHORT position at 2063.5 on 2025-12-15 09:41:00+05:30
2026-01-19 19:08:21,255 - INFO - End time reached. Auto-closing open position.
2026-01-19 19:08:21,255 - INFO - Closed SHORT position: P&L=-6.90
2026-01-19 19:08:21,260 - INFO - Saved trade: 7, P&L=-6.9
2026-01-19 19:08:22,880 - INFO - Opened SHORT position at 2050.0 on 2025-12-16 10:01:00+05:30
2026-01-19 19:08:23,476 - INFO - End time reached. Auto-closing open position.
2026-01-19 19:08:23,476 - INFO - Closed SHORT position: P&L=12.70
2026-01-19 19:08:23,480 - INFO - Saved trade: 8, P&L=12.7
2026-01-19 19:08:26,609 - INFO - Opened SHORT position at 2022.8 on 2025-12-17 12:03:00+05:30
2026-01-19 19:08:27,066 - INFO - End time reached. Auto-closing open position.
2026-01-19 19:08:27,066 - INFO - Closed SHORT position: P&L=0.70
2026-01-19 19:08:27,071 - INFO - Saved trade: 9, P&L=0.7
2026-01-19 19:08:28,373 - INFO - Opened LONG position at 2025.4 on 2025-12-18 10:18:00+05:30
2026-01-19 19:08:28,614 - INFO - End time reached. Auto-closing open position.
2026-01-19 19:08:28,614 - INFO - Closed LONG position: P&L=-0.90
2026-01-19 19:08:28,616 - INFO - Saved trade: 10, P&L=-0.9
2026-01-19 19:08:29,612 - INFO - Opened LONG position at 2052.7 on 2025-12-19 09:54:00+05:30
2026-01-19 19:08:29,849 - INFO - End time reached. Auto-closing open position.
2026-01-19 19:08:29,849 - INFO - Closed LONG position: P&L=-9.10
2026-01-19 19:08:29,851 - INFO - Saved trade: 11, P&L=-9.1
2026-01-19 19:08:31,475 - INFO - Opened LONG position at 2057.3 on 2025-12-23 09:38:00+05:30
2026-01-19 19:08:31,482 - INFO - Closed LONG position: P&L=-9.00
2026-01-19 19:08:31,482 - INFO - Opened SHORT position at 2048.7 on 2025-12-23 09:45:00+05:30
2026-01-19 19:08:31,484 - INFO - Saved trade: 12, P&L=-9.0
2026-01-19 19:08:33,009 - INFO - End time reached. Auto-closing open position.
2026-01-19 19:08:33,009 - INFO - Closed SHORT position: P&L=0.50
2026-01-19 19:08:33,011 - INFO - Saved trade: 13, P&L=0.5
2026-01-19 19:08:34,328 - INFO - Opened LONG position at 2063.6 on 2025-12-24 09:35:00+05:30
2026-01-19 19:08:34,466 - INFO - Closed LONG position: P&L=-23.40
2026-01-19 19:08:34,466 - INFO - Opened SHORT position at 2040.9 on 2025-12-24 12:14:00+05:30
2026-01-19 19:08:34,467 - INFO - Saved trade: 14, P&L=-23.4
2026-01-19 19:08:36,041 - INFO - End time reached. Auto-closing open position.
2026-01-19 19:08:36,041 - INFO - Closed SHORT position: P&L=6.50
2026-01-19 19:08:36,043 - INFO - Saved trade: 15, P&L=6.5
2026-01-19 19:08:37,594 - INFO - Opened SHORT position at 2024.0 on 2025-12-26 10:11:00+05:30
2026-01-19 19:08:37,857 - INFO - End time reached. Auto-closing open position.
2026-01-19 19:08:37,857 - INFO - Closed SHORT position: P&L=10.80
2026-01-19 19:08:37,859 - INFO - Saved trade: 16, P&L=10.8
2026-01-19 19:08:39,492 - INFO - Opened SHORT position at 2000.1 on 2025-12-29 10:00:00+05:30
2026-01-19 19:08:39,769 - INFO - End time reached. Auto-closing open position.
2026-01-19 19:08:39,769 - INFO - Closed SHORT position: P&L=-10.00
2026-01-19 19:08:39,771 - INFO - Saved trade: 17, P&L=-10.0
2026-01-19 19:08:41,504 - INFO - Opened SHORT position at 2000.7 on 2025-12-30 09:38:00+05:30
2026-01-19 19:08:41,807 - INFO - End time reached. Auto-closing open position.
2026-01-19 19:08:41,807 - INFO - Closed SHORT position: P&L=-13.40
2026-01-19 19:08:41,809 - INFO - Saved trade: 18, P&L=-13.4
2026-01-19 19:08:43,645 - INFO - Opened SHORT position at 2011.7 on 2025-12-31 09:45:00+05:30
2026-01-19 19:08:43,935 - INFO - End time reached. Auto-closing open position.
2026-01-19 19:08:43,935 - INFO - Closed SHORT position: P&L=-28.90
2026-01-19 19:08:43,937 - INFO - Saved trade: 19, P&L=-28.9
2026-01-19 19:08:45,899 - INFO - Opened SHORT position at 2032.4 on 2026-01-01 09:34:00+05:30
2026-01-19 19:08:46,187 - INFO - End time reached. Auto-closing open position.
2026-01-19 19:08:46,187 - INFO - Closed SHORT position: P&L=-3.40
2026-01-19 19:08:46,189 - INFO - Saved trade: 20, P&L=-3.4
2026-01-19 19:08:51,859 - INFO - Opened LONG position at 2072.7 on 2026-01-06 10:11:00+05:30
2026-01-19 19:09:31,079 - INFO - Opened SHORT position at 2071.2 on 2025-12-08 10:05:00+05:30
2026-01-19 19:09:31,327 - INFO - End time reached. Auto-closing open position.
2026-01-19 19:09:31,327 - INFO - Closed SHORT position: P&L=20.50
2026-01-19 19:09:31,334 - INFO - Saved trade: 0, P&L=20.5
2026-01-19 19:09:31,817 - INFO - Opened LONG position at 2092.6 on 2025-12-10 09:38:00+05:30
2026-01-19 19:09:31,885 - INFO - Closed LONG position: P&L=-22.30
2026-01-19 19:09:31,885 - INFO - Opened SHORT position at 2073.7 on 2025-12-10 10:58:00+05:30
2026-01-19 19:09:31,887 - INFO - Saved trade: 1, P&L=-22.3
2026-01-19 19:09:32,457 - INFO - End time reached. Auto-closing open position.
2026-01-19 19:09:32,457 - INFO - Closed SHORT position: P&L=6.80
2026-01-19 19:09:32,459 - INFO - Saved trade: 2, P&L=6.8
2026-01-19 19:09:33,131 - INFO - Opened SHORT position at 2053.3 on 2025-12-11 13:09:00+05:30
2026-01-19 19:09:33,233 - INFO - End time reached. Auto-closing open position.
2026-01-19 19:09:33,233 - INFO - Closed SHORT position: P&L=-12.50
2026-01-19 19:09:33,236 - INFO - Saved trade: 3, P&L=-12.5
2026-01-19 19:09:33,774 - INFO - Opened LONG position at 2080.7 on 2025-12-12 09:37:00+05:30
2026-01-19 19:09:33,804 - INFO - Closed LONG position: P&L=-8.40
2026-01-19 19:09:33,804 - INFO - Opened SHORT position at 2073.9 on 2025-12-12 10:09:00+05:30
2026-01-19 19:09:33,806 - INFO - Saved trade: 4, P&L=-8.4
2026-01-19 19:09:34,417 - INFO - Closed SHORT position: P&L=-9.00
2026-01-19 19:09:34,417 - INFO - Opened LONG position at 2082.8 on 2025-12-12 12:36:00+05:30
2026-01-19 19:09:34,420 - INFO - Saved trade: 5, P&L=-9.0
2026-01-19 19:09:35,071 - INFO - End time reached. Auto-closing open position.
2026-01-19 19:09:35,071 - INFO - Closed LONG position: P&L=-2.00
2026-01-19 19:09:35,073 - INFO - Saved trade: 6, P&L=-2.0
2026-01-19 19:09:35,808 - INFO - Opened SHORT position at 2063.5 on 2025-12-15 09:41:00+05:30
2026-01-19 19:09:36,124 - INFO - End time reached. Auto-closing open position.
2026-01-19 19:09:36,124 - INFO - Closed SHORT position: P&L=-6.90
2026-01-19 19:09:36,127 - INFO - Saved trade: 7, P&L=-6.9
2026-01-19 19:09:36,979 - INFO - Opened SHORT position at 2050.0 on 2025-12-16 10:01:00+05:30
2026-01-19 19:09:37,248 - INFO - End time reached. Auto-closing open position.
2026-01-19 19:09:37,248 - INFO - Closed SHORT position: P&L=12.70
2026-01-19 19:09:37,250 - INFO - Saved trade: 8, P&L=12.7
2026-01-19 19:09:38,269 - INFO - Opened SHORT position at 2022.8 on 2025-12-17 12:03:00+05:30
2026-01-19 19:09:38,420 - INFO - End time reached. Auto-closing open position.
2026-01-19 19:09:38,420 - INFO - Closed SHORT position: P&L=0.70
2026-01-19 19:09:38,422 - INFO - Saved trade: 9, P&L=0.7
2026-01-19 19:09:39,435 - INFO - Opened LONG position at 2025.4 on 2025-12-18 10:18:00+05:30
2026-01-19 19:09:39,683 - INFO - End time reached. Auto-closing open position.
2026-01-19 19:09:39,683 - INFO - Closed LONG position: P&L=-0.90
2026-01-19 19:09:39,686 - INFO - Saved trade: 10, P&L=-0.9
2026-01-19 19:09:40,863 - INFO - Opened LONG position at 2052.7 on 2025-12-19 09:54:00+05:30
2026-01-19 19:09:41,104 - INFO - End time reached. Auto-closing open position.
2026-01-19 19:09:41,105 - INFO - Closed LONG position: P&L=-9.10
2026-01-19 19:09:41,107 - INFO - Saved trade: 11, P&L=-9.1
2026-01-19 19:09:42,848 - INFO - Opened LONG position at 2057.3 on 2025-12-23 09:38:00+05:30
2026-01-19 19:09:42,854 - INFO - Closed LONG position: P&L=-9.00
2026-01-19 19:09:42,854 - INFO - Opened SHORT position at 2048.7 on 2025-12-23 09:45:00+05:30
2026-01-19 19:09:42,856 - INFO - Saved trade: 12, P&L=-9.0
2026-01-19 19:09:44,498 - INFO - End time reached. Auto-closing open position.
2026-01-19 19:09:44,498 - INFO - Closed SHORT position: P&L=0.50
2026-01-19 19:09:44,500 - INFO - Saved trade: 13, P&L=0.5
2026-01-19 19:09:45,892 - INFO - Opened LONG position at 2063.6 on 2025-12-24 09:35:00+05:30
2026-01-19 19:09:46,033 - INFO - Closed LONG position: P&L=-23.40
2026-01-19 19:09:46,033 - INFO - Opened SHORT position at 2040.9 on 2025-12-24 12:14:00+05:30
2026-01-19 19:09:46,034 - INFO - Saved trade: 14, P&L=-23.4
2026-01-19 19:09:47,565 - INFO - End time reached. Auto-closing open position.
2026-01-19 19:09:47,566 - INFO - Closed SHORT position: P&L=6.50
2026-01-19 19:09:47,567 - INFO - Saved trade: 15, P&L=6.5
2026-01-19 19:09:49,294 - INFO - Opened SHORT position at 2024.0 on 2025-12-26 10:11:00+05:30
2026-01-19 19:09:49,533 - INFO - End time reached. Auto-closing open position.
2026-01-19 19:09:49,533 - INFO - Closed SHORT position: P&L=10.80
2026-01-19 19:09:49,534 - INFO - Saved trade: 16, P&L=10.8
2026-01-19 19:09:51,219 - INFO - Opened SHORT position at 2000.1 on 2025-12-29 10:00:00+05:30
2026-01-19 19:09:51,469 - INFO - End time reached. Auto-closing open position.
2026-01-19 19:09:51,469 - INFO - Closed SHORT position: P&L=-10.00
2026-01-19 19:09:51,471 - INFO - Saved trade: 17, P&L=-10.0
2026-01-19 19:09:53,207 - INFO - Opened SHORT position at 2000.7 on 2025-12-30 09:38:00+05:30
2026-01-19 19:09:53,521 - INFO - End time reached. Auto-closing open position.
2026-01-19 19:09:53,521 - INFO - Closed SHORT position: P&L=-13.40
2026-01-19 19:09:53,523 - INFO - Saved trade: 18, P&L=-13.4
2026-01-19 19:09:55,369 - INFO - Opened SHORT position at 2011.7 on 2025-12-31 09:45:00+05:30
2026-01-19 19:09:55,660 - INFO - End time reached. Auto-closing open position.
2026-01-19 19:09:55,660 - INFO - Closed SHORT position: P&L=-28.90
2026-01-19 19:09:55,663 - INFO - Saved trade: 19, P&L=-28.9
2026-01-19 19:09:57,604 - INFO - Opened SHORT position at 2032.4 on 2026-01-01 09:34:00+05:30
2026-01-19 19:09:57,869 - INFO - End time reached. Auto-closing open position.
2026-01-19 19:09:57,869 - INFO - Closed SHORT position: P&L=-3.40
2026-01-19 19:09:57,871 - INFO - Saved trade: 20, P&L=-3.4
2026-01-19 19:10:52,330 - INFO - Opened SHORT position at 2071.2 on 2025-12-08 10:05:00+05:30
2026-01-19 19:10:52,570 - INFO - End time reached. Auto-closing open position.
2026-01-19 19:10:52,570 - INFO - Closed SHORT position: P&L=20.50
2026-01-19 19:10:52,577 - INFO - Saved trade: 0, P&L=20.5
2026-01-19 19:10:53,075 - INFO - Opened LONG position at 2092.6 on 2025-12-10 09:38:00+05:30
2026-01-19 19:10:53,142 - INFO - Closed LONG position: P&L=-22.30
2026-01-19 19:10:53,142 - INFO - Opened SHORT position at 2073.7 on 2025-12-10 10:58:00+05:30
2026-01-19 19:10:53,144 - INFO - Saved trade: 1, P&L=-22.3
2026-01-19 19:10:53,611 - INFO - End time reached. Auto-closing open position.
2026-01-19 19:10:53,611 - INFO - Closed SHORT position: P&L=6.80
2026-01-19 19:10:53,612 - INFO - Saved trade: 2, P&L=6.8
2026-01-19 19:10:54,147 - INFO - Opened SHORT position at 2053.3 on 2025-12-11 13:09:00+05:30
2026-01-19 19:10:54,233 - INFO - End time reached. Auto-closing open position.
2026-01-19 19:10:54,233 - INFO - Closed SHORT position: P&L=-12.50
2026-01-19 19:10:54,235 - INFO - Saved trade: 3, P&L=-12.5
2026-01-19 19:10:54,695 - INFO - Opened LONG position at 2080.7 on 2025-12-12 09:37:00+05:30
2026-01-19 19:10:54,719 - INFO - Closed LONG position: P&L=-8.40
2026-01-19 19:10:54,720 - INFO - Opened SHORT position at 2073.9 on 2025-12-12 10:09:00+05:30
2026-01-19 19:10:54,721 - INFO - Saved trade: 4, P&L=-8.4
2026-01-19 19:10:55,296 - INFO - Closed SHORT position: P&L=-9.00
2026-01-19 19:10:55,296 - INFO - Opened LONG position at 2082.8 on 2025-12-12 12:36:00+05:30
2026-01-19 19:10:55,298 - INFO - Saved trade: 5, P&L=-9.0
2026-01-19 19:10:55,916 - INFO - End time reached. Auto-closing open position.
2026-01-19 19:10:55,916 - INFO - Closed LONG position: P&L=-2.00
2026-01-19 19:10:55,918 - INFO - Saved trade: 6, P&L=-2.0
2026-01-19 19:10:56,567 - INFO - Opened SHORT position at 2063.5 on 2025-12-15 09:41:00+05:30
2026-01-19 19:10:56,822 - INFO - End time reached. Auto-closing open position.
2026-01-19 19:10:56,822 - INFO - Closed SHORT position: P&L=-6.90
2026-01-19 19:10:56,824 - INFO - Saved trade: 7, P&L=-6.9
2026-01-19 19:10:57,601 - INFO - Opened SHORT position at 2050.0 on 2025-12-16 10:01:00+05:30
2026-01-19 19:10:57,839 - INFO - End time reached. Auto-closing open position.
2026-01-19 19:10:57,839 - INFO - Closed SHORT position: P&L=12.70
2026-01-19 19:10:57,841 - INFO - Saved trade: 8, P&L=12.7
2026-01-19 19:10:58,855 - INFO - Opened SHORT position at 2022.8 on 2025-12-17 12:03:00+05:30
2026-01-19 19:10:58,995 - INFO - End time reached. Auto-closing open position.
2026-01-19 19:10:58,995 - INFO - Closed SHORT position: P&L=0.70
2026-01-19 19:10:58,998 - INFO - Saved trade: 9, P&L=0.7
2026-01-19 19:11:00,049 - INFO - Opened LONG position at 2025.4 on 2025-12-18 10:18:00+05:30
2026-01-19 19:11:00,303 - INFO - End time reached. Auto-closing open position.
2026-01-19 19:11:00,303 - INFO - Closed LONG position: P&L=-0.90
2026-01-19 19:11:00,305 - INFO - Saved trade: 10, P&L=-0.9
2026-01-19 19:11:01,364 - INFO - Opened LONG position at 2052.7 on 2025-12-19 09:54:00+05:30
2026-01-19 19:11:01,603 - INFO - End time reached. Auto-closing open position.
2026-01-19 19:11:01,603 - INFO - Closed LONG position: P&L=-9.10
2026-01-19 19:11:01,605 - INFO - Saved trade: 11, P&L=-9.1
2026-01-19 19:11:03,142 - INFO - Opened LONG position at 2057.3 on 2025-12-23 09:38:00+05:30
2026-01-19 19:11:03,147 - INFO - Closed LONG position: P&L=-9.00
2026-01-19 19:11:03,147 - INFO - Opened SHORT position at 2048.7 on 2025-12-23 09:45:00+05:30
2026-01-19 19:11:03,149 - INFO - Saved trade: 12, P&L=-9.0
2026-01-19 19:11:04,684 - INFO - End time reached. Auto-closing open position.
2026-01-19 19:11:04,684 - INFO - Closed SHORT position: P&L=0.50
2026-01-19 19:11:04,686 - INFO - Saved trade: 13, P&L=0.5
2026-01-19 19:11:06,057 - INFO - Opened LONG position at 2063.6 on 2025-12-24 09:35:00+05:30
2026-01-19 19:11:06,186 - INFO - Closed LONG position: P&L=-23.40
2026-01-19 19:11:06,186 - INFO - Opened SHORT position at 2040.9 on 2025-12-24 12:14:00+05:30
2026-01-19 19:11:06,188 - INFO - Saved trade: 14, P&L=-23.4
2026-01-19 19:11:07,743 - INFO - End time reached. Auto-closing open position.
2026-01-19 19:11:07,743 - INFO - Closed SHORT position: P&L=6.50
2026-01-19 19:11:07,745 - INFO - Saved trade: 15, P&L=6.5
2026-01-19 19:11:09,308 - INFO - Opened SHORT position at 2024.0 on 2025-12-26 10:11:00+05:30
2026-01-19 19:11:09,566 - INFO - End time reached. Auto-closing open position.
2026-01-19 19:11:09,566 - INFO - Closed SHORT position: P&L=10.80
2026-01-19 19:11:09,568 - INFO - Saved trade: 16, P&L=10.8
2026-01-19 19:11:11,317 - INFO - Opened SHORT position at 2000.1 on 2025-12-29 10:00:00+05:30
2026-01-19 19:11:11,588 - INFO - End time reached. Auto-closing open position.
2026-01-19 19:11:11,588 - INFO - Closed SHORT position: P&L=-10.00
2026-01-19 19:11:11,590 - INFO - Saved trade: 17, P&L=-10.0
2026-01-19 19:11:13,286 - INFO - Opened SHORT position at 2000.7 on 2025-12-30 09:38:00+05:30
2026-01-19 19:11:13,561 - INFO - End time reached. Auto-closing open position.
2026-01-19 19:11:13,561 - INFO - Closed SHORT position: P&L=-13.40
2026-01-19 19:11:13,564 - INFO - Saved trade: 18, P&L=-13.4
2026-01-19 19:11:15,443 - INFO - Opened SHORT position at 2011.7 on 2025-12-31 09:45:00+05:30
2026-01-19 19:11:15,808 - INFO - End time reached. Auto-closing open position.
2026-01-19 19:11:15,808 - INFO - Closed SHORT position: P&L=-28.90
2026-01-19 19:11:15,811 - INFO - Saved trade: 19, P&L=-28.9
2026-01-19 19:11:17,858 - INFO - Opened SHORT position at 2032.4 on 2026-01-01 09:34:00+05:30
2026-01-19 19:11:18,161 - INFO - End time reached. Auto-closing open position.
2026-01-19 19:11:18,162 - INFO - Closed SHORT position: P&L=-3.40
2026-01-19 19:11:18,163 - INFO - Saved trade: 20, P&L=-3.4
2026-01-19 19:11:23,522 - INFO - Opened LONG position at 2072.7 on 2026-01-06 10:11:00+05:30
2026-01-19 19:12:27,123 - INFO - Opened SHORT position at 2071.2 on 2025-12-08 10:05:00+05:30
2026-01-19 19:12:27,371 - INFO - End time reached. Auto-closing open position.
2026-01-19 19:12:27,372 - INFO - Closed SHORT position: P&L=20.50
2026-01-19 19:12:27,379 - INFO - Saved trade: 0, P&L=20.5
2026-01-19 19:12:27,919 - INFO - Opened LONG position at 2092.6 on 2025-12-10 09:38:00+05:30
2026-01-19 19:12:27,991 - INFO - Closed LONG position: P&L=-22.30
2026-01-19 19:12:27,992 - INFO - Opened SHORT position at 2073.7 on 2025-12-10 10:58:00+05:30
2026-01-19 19:12:27,994 - INFO - Saved trade: 1, P&L=-22.3
2026-01-19 19:12:28,458 - INFO - End time reached. Auto-closing open position.
2026-01-19 19:12:28,459 - INFO - Closed SHORT position: P&L=6.80
2026-01-19 19:12:28,460 - INFO - Saved trade: 2, P&L=6.8
2026-01-19 19:12:29,015 - INFO - Opened SHORT position at 2053.3 on 2025-12-11 13:09:00+05:30
2026-01-19 19:12:29,101 - INFO - End time reached. Auto-closing open position.
2026-01-19 19:12:29,101 - INFO - Closed SHORT position: P&L=-12.50
2026-01-19 19:12:29,102 - INFO - Saved trade: 3, P&L=-12.5
2026-01-19 19:12:29,561 - INFO - Opened LONG position at 2080.7 on 2025-12-12 09:37:00+05:30
2026-01-19 19:12:29,585 - INFO - Closed LONG position: P&L=-8.40
2026-01-19 19:12:29,586 - INFO - Opened SHORT position at 2073.9 on 2025-12-12 10:09:00+05:30
2026-01-19 19:12:29,587 - INFO - Saved trade: 4, P&L=-8.4
2026-01-19 19:12:30,185 - INFO - Closed SHORT position: P&L=-9.00
2026-01-19 19:12:30,186 - INFO - Opened LONG position at 2082.8 on 2025-12-12 12:36:00+05:30
2026-01-19 19:12:30,187 - INFO - Saved trade: 5, P&L=-9.0
2026-01-19 19:12:30,825 - INFO - End time reached. Auto-closing open position.
2026-01-19 19:12:30,825 - INFO - Closed LONG position: P&L=-2.00
2026-01-19 19:12:30,827 - INFO - Saved trade: 6, P&L=-2.0
2026-01-19 19:12:31,474 - INFO - Opened SHORT position at 2063.5 on 2025-12-15 09:41:00+05:30
2026-01-19 19:12:31,730 - INFO - End time reached. Auto-closing open position.
2026-01-19 19:12:31,730 - INFO - Closed SHORT position: P&L=-6.90
2026-01-19 19:12:31,732 - INFO - Saved trade: 7, P&L=-6.9
2026-01-19 19:12:32,535 - INFO - Opened SHORT position at 2050.0 on 2025-12-16 10:01:00+05:30
2026-01-19 19:12:32,791 - INFO - End time reached. Auto-closing open position.
2026-01-19 19:12:32,791 - INFO - Closed SHORT position: P&L=12.70
2026-01-19 19:12:32,794 - INFO - Saved trade: 8, P&L=12.7
2026-01-19 19:14:06,852 - INFO - Opened SHORT position at 2071.2 on 2025-12-08 10:05:00+05:30
2026-01-19 19:14:07,108 - INFO - End time reached. Auto-closing open position.
2026-01-19 19:14:07,108 - INFO - Closed SHORT position: P&L=20.50
2026-01-19 19:14:07,116 - INFO - Saved trade: 0, P&L=20.5
2026-01-19 19:16:45,194 - INFO - Opened SHORT position at 2071.2 on 2025-12-08 10:05:00+05:30
2026-01-19 19:16:45,449 - INFO - End time reached. Auto-closing open position.
2026-01-19 19:16:45,449 - INFO - Closed SHORT position: P&L=20.50
2026-01-19 19:16:45,457 - INFO - Saved trade: 0, P&L=20.5
2026-01-19 19:18:26,878 - INFO - Opened SHORT position at 2071.2 on 2025-12-08 10:05:00+05:30
2026-01-19 19:18:27,131 - INFO - End time reached. Auto-closing open position.
2026-01-19 19:18:27,132 - INFO - Closed SHORT position: P&L=20.50
2026-01-19 19:18:27,139 - INFO - Saved trade: 0, P&L=20.5
2026-01-19 19:22:52,190 - INFO - Opened SHORT position at 2071.2 on 2025-12-08 10:05:00+05:30
2026-01-19 19:22:52,439 - INFO - End time reached. Auto-closing open position.
2026-01-19 19:22:52,439 - INFO - Closed SHORT position: P&L=20.50
2026-01-19 19:22:52,447 - INFO - Saved trade: 0, P&L=20.5
2026-01-19 19:25:14,593 - INFO - Opened SHORT position at 2071.2 on 2025-12-08 10:05:00+05:30
2026-01-19 19:25:14,812 - INFO - End time reached. Auto-closing open position.
2026-01-19 19:25:14,812 - INFO - Closed SHORT position: P&L=20.50
2026-01-19 19:25:14,818 - INFO - Saved trade: 0, P&L=20.5
2026-01-19 19:26:47,091 - INFO - Opened SHORT position at 2071.2 on 2025-12-08 10:05:00+05:30
2026-01-19 19:26:47,348 - INFO - End time reached. Auto-closing open position.
2026-01-19 19:26:47,349 - INFO - Closed SHORT position: P&L=20.50
2026-01-19 19:26:47,357 - INFO - Saved trade: 0, P&L=20.5
2026-01-19 19:27:06,022 - INFO - Opened SHORT position at 2071.2 on 2025-12-08 10:05:00+05:30
2026-01-19 19:27:06,272 - INFO - End time reached. Auto-closing open position.
2026-01-19 19:27:06,272 - INFO - Closed SHORT position: P&L=20.50
2026-01-19 19:27:06,279 - INFO - Saved trade: 0, P&L=20.5
2026-01-19 19:27:27,634 - INFO - Opened SHORT position at 2071.2 on 2025-12-08 10:05:00+05:30
2026-01-19 19:27:27,857 - INFO - End time reached. Auto-closing open position.
2026-01-19 19:27:27,857 - INFO - Closed SHORT position: P&L=20.50
2026-01-19 19:27:27,863 - INFO - Saved trade: 0, P&L=20.5
2026-01-19 19:44:19,363 - INFO - Opened SHORT position at 2071.2 on 2025-12-08 10:05:00+05:30
2026-01-19 19:44:19,694 - INFO - End time reached. Auto-closing open position.
2026-01-19 19:44:19,694 - INFO - Closed SHORT position: P&L=20.50
2026-01-19 19:44:19,703 - INFO - Saved trade: 0, P&L=20.5
2026-01-19 19:45:53,758 - INFO - Opened SHORT position at 2071.2 on 2025-12-08 10:05:00+05:30
2026-01-19 19:45:54,113 - INFO - End time reached. Auto-closing open position.
2026-01-19 19:45:54,113 - INFO - Closed SHORT position: P&L=20.50
2026-01-19 19:45:54,129 - INFO - Saved trade: 0, P&L=20.5
2026-01-19 19:52:29,814 - INFO - Opened SHORT position at 2071.2 on 2025-12-08 10:05:00+05:30
2026-01-19 19:52:30,135 - INFO - End time reached. Auto-closing open position.
2026-01-19 19:52:30,135 - INFO - Closed SHORT position: P&L=20.50
2026-01-19 19:52:30,145 - INFO - Saved trade: 0, P&L=20.5
2026-01-19 19:53:19,535 - INFO - Opened SHORT position at 2071.2 on 2025-12-08 10:05:00+05:30
2026-01-19 19:53:19,876 - INFO - End time reached. Auto-closing open position.
2026-01-19 19:53:19,877 - INFO - Closed SHORT position: P&L=20.50
2026-01-19 19:53:19,887 - INFO - Saved trade: 0, P&L=20.5
2026-01-19 19:56:51,997 - INFO - Opened SHORT position at 2071.2 on 2025-12-08 10:05:00+05:30
2026-01-19 19:56:52,324 - INFO - End time reached. Auto-closing open position.
2026-01-19 19:56:52,325 - INFO - Closed SHORT position: P&L=20.50
2026-01-19 19:56:52,336 - INFO - Saved trade: 0, P&L=20.5
2026-01-19 20:00:16,393 - INFO - Opened SHORT position at 2071.2 on 2025-12-08 10:05:00+05:30
2026-01-19 20:00:16,723 - INFO - End time reached. Auto-closing open position.
2026-01-19 20:00:16,723 - INFO - Closed SHORT position: P&L=20.50
2026-01-19 20:00:16,733 - INFO - Saved trade: 0, P&L=20.5
2026-01-19 20:05:42,915 - INFO - Opened SHORT position at 2071.2 on 2025-12-08 10:05:00+05:30
2026-01-19 20:05:43,268 - INFO - End time reached. Auto-closing open position.
2026-01-19 20:05:43,268 - INFO - Closed SHORT position: P&L=20.50
2026-01-19 20:05:43,279 - INFO - Saved trade: 0, P&L=20.5
2026-01-19 20:05:55,809 - INFO - Opened LONG position at 2092.6 on 2025-12-10 09:38:00+05:30
2026-01-19 20:05:55,899 - INFO - Closed LONG position: P&L=-22.30
2026-01-19 20:05:55,899 - INFO - Opened SHORT position at 2073.7 on 2025-12-10 10:58:00+05:30
2026-01-19 20:05:55,906 - INFO - Saved trade: 1, P&L=-22.3
2026-01-19 20:05:56,780 - INFO - End time reached. Auto-closing open position.
2026-01-19 20:05:56,780 - INFO - Closed SHORT position: P&L=6.80
2026-01-19 20:05:56,783 - INFO - Saved trade: 2, P&L=6.8
2026-01-19 20:05:57,782 - INFO - Opened SHORT position at 2053.3 on 2025-12-11 13:09:00+05:30
2026-01-19 20:05:57,990 - INFO - End time reached. Auto-closing open position.
2026-01-19 20:05:57,990 - INFO - Closed SHORT position: P&L=-12.50
2026-01-19 20:05:57,994 - INFO - Saved trade: 3, P&L=-12.5
2026-01-19 20:05:59,442 - INFO - Opened LONG position at 2080.7 on 2025-12-12 09:37:00+05:30
2026-01-19 20:05:59,484 - INFO - Closed LONG position: P&L=-8.40
2026-01-19 20:05:59,484 - INFO - Opened SHORT position at 2073.9 on 2025-12-12 10:09:00+05:30
2026-01-19 20:05:59,486 - INFO - Saved trade: 4, P&L=-8.4
2026-01-19 20:06:00,597 - INFO - Closed SHORT position: P&L=-9.00
2026-01-19 20:06:00,597 - INFO - Opened LONG position at 2082.8 on 2025-12-12 12:36:00+05:30
2026-01-19 20:06:00,600 - INFO - Saved trade: 5, P&L=-9.0
2026-01-19 20:06:01,795 - INFO - End time reached. Auto-closing open position.
2026-01-19 20:06:01,795 - INFO - Closed LONG position: P&L=-2.00
2026-01-19 20:06:01,797 - INFO - Saved trade: 6, P&L=-2.0
2026-01-19 20:06:03,035 - INFO - Opened SHORT position at 2063.5 on 2025-12-15 09:41:00+05:30
2026-01-19 20:06:03,484 - INFO - End time reached. Auto-closing open position.
2026-01-19 20:06:03,484 - INFO - Closed SHORT position: P&L=-6.90
2026-01-19 20:06:03,487 - INFO - Saved trade: 7, P&L=-6.9
2026-01-19 20:06:04,943 - INFO - Opened SHORT position at 2050.0 on 2025-12-16 10:01:00+05:30
2026-01-19 20:06:05,345 - INFO - End time reached. Auto-closing open position.
2026-01-19 20:06:05,345 - INFO - Closed SHORT position: P&L=12.70
2026-01-19 20:06:05,348 - INFO - Saved trade: 8, P&L=12.7
2026-01-19 20:06:07,216 - INFO - Opened SHORT position at 2022.8 on 2025-12-17 12:03:00+05:30
2026-01-19 20:06:07,434 - INFO - End time reached. Auto-closing open position.
2026-01-19 20:06:07,434 - INFO - Closed SHORT position: P&L=0.70
2026-01-19 20:06:07,437 - INFO - Saved trade: 9, P&L=0.7
2026-01-19 20:06:09,602 - INFO - Opened LONG position at 2025.4 on 2025-12-18 10:18:00+05:30
2026-01-19 20:06:09,935 - INFO - End time reached. Auto-closing open position.
2026-01-19 20:06:09,935 - INFO - Closed LONG position: P&L=-0.90
2026-01-19 20:06:09,938 - INFO - Saved trade: 10, P&L=-0.9
2026-01-19 20:06:11,881 - INFO - Opened LONG position at 2052.7 on 2025-12-19 09:54:00+05:30
2026-01-19 20:06:12,251 - INFO - End time reached. Auto-closing open position.
2026-01-19 20:06:12,251 - INFO - Closed LONG position: P&L=-9.10
2026-01-19 20:06:12,253 - INFO - Saved trade: 11, P&L=-9.1
2026-01-19 20:06:15,240 - INFO - Opened LONG position at 2057.3 on 2025-12-23 09:38:00+05:30
2026-01-19 20:06:15,247 - INFO - Closed LONG position: P&L=-9.00
2026-01-19 20:06:15,247 - INFO - Opened SHORT position at 2048.7 on 2025-12-23 09:45:00+05:30
2026-01-19 20:06:15,250 - INFO - Saved trade: 12, P&L=-9.0
2026-01-19 20:06:17,843 - INFO - End time reached. Auto-closing open position.
2026-01-19 20:06:17,843 - INFO - Closed SHORT position: P&L=0.50
2026-01-19 20:06:17,845 - INFO - Saved trade: 13, P&L=0.5
2026-01-19 20:06:20,286 - INFO - Opened LONG position at 2063.6 on 2025-12-24 09:35:00+05:30
2026-01-19 20:06:20,480 - INFO - Closed LONG position: P&L=-23.40
2026-01-19 20:06:20,480 - INFO - Opened SHORT position at 2040.9 on 2025-12-24 12:14:00+05:30
2026-01-19 20:06:20,482 - INFO - Saved trade: 14, P&L=-23.4
2026-01-19 20:06:23,296 - INFO - End time reached. Auto-closing open position.
2026-01-19 20:06:23,296 - INFO - Closed SHORT position: P&L=6.50
2026-01-19 20:06:23,300 - INFO - Saved trade: 15, P&L=6.5
2026-01-19 20:06:26,028 - INFO - Opened SHORT position at 2024.0 on 2025-12-26 10:11:00+05:30
2026-01-19 20:06:26,374 - INFO - End time reached. Auto-closing open position.
2026-01-19 20:06:26,374 - INFO - Closed SHORT position: P&L=10.80
2026-01-19 20:06:26,376 - INFO - Saved trade: 16, P&L=10.8
2026-01-19 20:06:29,447 - INFO - Opened SHORT position at 2000.1 on 2025-12-29 10:00:00+05:30
2026-01-19 20:06:29,854 - INFO - End time reached. Auto-closing open position.
2026-01-19 20:06:29,854 - INFO - Closed SHORT position: P&L=-10.00
2026-01-19 20:06:29,858 - INFO - Saved trade: 17, P&L=-10.0
2026-01-19 20:06:32,995 - INFO - Opened SHORT position at 2000.7 on 2025-12-30 09:38:00+05:30
2026-01-19 20:06:33,392 - INFO - End time reached. Auto-closing open position.
2026-01-19 20:06:33,392 - INFO - Closed SHORT position: P&L=-13.40
2026-01-19 20:06:33,394 - INFO - Saved trade: 18, P&L=-13.4
2026-01-19 20:06:36,747 - INFO - Opened SHORT position at 2011.7 on 2025-12-31 09:45:00+05:30
2026-01-19 20:06:37,196 - INFO - End time reached. Auto-closing open position.
2026-01-19 20:06:37,196 - INFO - Closed SHORT position: P&L=-28.90
2026-01-19 20:06:37,199 - INFO - Saved trade: 19, P&L=-28.9
2026-01-19 20:06:41,183 - INFO - Opened SHORT position at 2032.4 on 2026-01-01 09:34:00+05:30
2026-01-19 20:06:41,609 - INFO - End time reached. Auto-closing open position.
2026-01-19 20:06:41,609 - INFO - Closed SHORT position: P&L=-3.40
2026-01-19 20:06:41,612 - INFO - Saved trade: 20, P&L=-3.4
2026-01-19 20:06:50,541 - INFO - Opened LONG position at 2072.7 on 2026-01-06 10:11:00+05:30
2026-01-19 20:07:28,158 - INFO - Opened SHORT position at 2071.2 on 2025-12-08 10:05:00+05:30
2026-01-19 20:07:28,603 - INFO - End time reached. Auto-closing open position.
2026-01-19 20:07:28,603 - INFO - Closed SHORT position: P&L=20.50
2026-01-19 20:07:28,615 - INFO - Saved trade: 0, P&L=20.5
2026-01-19 20:07:29,536 - INFO - Opened LONG position at 2092.6 on 2025-12-10 09:38:00+05:30
2026-01-19 20:07:29,625 - INFO - Closed LONG position: P&L=-22.30
2026-01-19 20:07:29,626 - INFO - Opened SHORT position at 2073.7 on 2025-12-10 10:58:00+05:30
2026-01-19 20:07:29,628 - INFO - Saved trade: 1, P&L=-22.3
2026-01-19 20:07:30,447 - INFO - End time reached. Auto-closing open position.
2026-01-19 20:07:30,447 - INFO - Closed SHORT position: P&L=6.80
2026-01-19 20:07:30,450 - INFO - Saved trade: 2, P&L=6.8
2026-01-19 20:07:31,377 - INFO - Opened SHORT position at 2053.3 on 2025-12-11 13:09:00+05:30
2026-01-19 20:07:31,505 - INFO - End time reached. Auto-closing open position.
2026-01-19 20:07:31,505 - INFO - Closed SHORT position: P&L=-12.50
2026-01-19 20:07:31,508 - INFO - Saved trade: 3, P&L=-12.5
2026-01-19 20:07:32,379 - INFO - Opened LONG position at 2080.7 on 2025-12-12 09:37:00+05:30
2026-01-19 20:07:32,417 - INFO - Closed LONG position: P&L=-8.40
2026-01-19 20:07:32,417 - INFO - Opened SHORT position at 2073.9 on 2025-12-12 10:09:00+05:30
2026-01-19 20:07:32,420 - INFO - Saved trade: 4, P&L=-8.4
2026-01-19 20:07:33,544 - INFO - Closed SHORT position: P&L=-9.00
2026-01-19 20:07:33,545 - INFO - Opened LONG position at 2082.8 on 2025-12-12 12:36:00+05:30
2026-01-19 20:07:33,547 - INFO - Saved trade: 5, P&L=-9.0
2026-01-19 20:07:34,731 - INFO - End time reached. Auto-closing open position.
2026-01-19 20:07:34,731 - INFO - Closed LONG position: P&L=-2.00
2026-01-19 20:07:34,735 - INFO - Saved trade: 6, P&L=-2.0
2026-01-19 20:07:36,031 - INFO - Opened SHORT position at 2063.5 on 2025-12-15 09:41:00+05:30
2026-01-19 20:07:36,529 - INFO - End time reached. Auto-closing open position.
2026-01-19 20:07:36,529 - INFO - Closed SHORT position: P&L=-6.90
2026-01-19 20:07:36,532 - INFO - Saved trade: 7, P&L=-6.9
2026-01-19 20:07:38,248 - INFO - Opened SHORT position at 2050.0 on 2025-12-16 10:01:00+05:30
2026-01-19 20:07:38,617 - INFO - End time reached. Auto-closing open position.
2026-01-19 20:07:38,617 - INFO - Closed SHORT position: P&L=12.70
2026-01-19 20:07:38,619 - INFO - Saved trade: 8, P&L=12.7
2026-01-19 20:07:40,569 - INFO - Opened SHORT position at 2022.8 on 2025-12-17 12:03:00+05:30
2026-01-19 20:07:40,820 - INFO - End time reached. Auto-closing open position.
2026-01-19 20:07:40,820 - INFO - Closed SHORT position: P&L=0.70
2026-01-19 20:07:40,824 - INFO - Saved trade: 9, P&L=0.7
2026-01-19 20:07:42,709 - INFO - Opened LONG position at 2025.4 on 2025-12-18 10:18:00+05:30
2026-01-19 20:07:43,136 - INFO - End time reached. Auto-closing open position.
2026-01-19 20:07:43,136 - INFO - Closed LONG position: P&L=-0.90
2026-01-19 20:07:43,139 - INFO - Saved trade: 10, P&L=-0.9
2026-01-19 20:07:45,434 - INFO - Opened LONG position at 2052.7 on 2025-12-19 09:54:00+05:30
2026-01-19 20:07:45,917 - INFO - End time reached. Auto-closing open position.
2026-01-19 20:07:45,917 - INFO - Closed LONG position: P&L=-9.10
2026-01-19 20:07:45,919 - INFO - Saved trade: 11, P&L=-9.1
2026-01-19 20:07:49,056 - INFO - Opened LONG position at 2057.3 on 2025-12-23 09:38:00+05:30
2026-01-19 20:07:49,063 - INFO - Closed LONG position: P&L=-9.00
2026-01-19 20:07:49,063 - INFO - Opened SHORT position at 2048.7 on 2025-12-23 09:45:00+05:30
2026-01-19 20:07:49,066 - INFO - Saved trade: 12, P&L=-9.0
2026-01-19 20:07:52,252 - INFO - End time reached. Auto-closing open position.
2026-01-19 20:07:52,253 - INFO - Closed SHORT position: P&L=0.50
2026-01-19 20:07:52,255 - INFO - Saved trade: 13, P&L=0.5
2026-01-19 20:07:54,910 - INFO - Opened LONG position at 2063.6 on 2025-12-24 09:35:00+05:30
2026-01-19 20:07:55,157 - INFO - Closed LONG position: P&L=-23.40
2026-01-19 20:07:55,157 - INFO - Opened SHORT position at 2040.9 on 2025-12-24 12:14:00+05:30
2026-01-19 20:07:55,160 - INFO - Saved trade: 14, P&L=-23.4
2026-01-19 20:07:58,228 - INFO - End time reached. Auto-closing open position.
2026-01-19 20:07:58,229 - INFO - Closed SHORT position: P&L=6.50
2026-01-19 20:07:58,231 - INFO - Saved trade: 15, P&L=6.5
2026-01-19 20:08:01,307 - INFO - Opened SHORT position at 2024.0 on 2025-12-26 10:11:00+05:30
2026-01-19 20:08:01,723 - INFO - End time reached. Auto-closing open position.
2026-01-19 20:08:01,723 - INFO - Closed SHORT position: P&L=10.80
2026-01-19 20:08:01,726 - INFO - Saved trade: 16, P&L=10.8
2026-01-19 20:08:04,874 - INFO - Opened SHORT position at 2000.1 on 2025-12-29 10:00:00+05:30
2026-01-19 20:08:05,274 - INFO - End time reached. Auto-closing open position.
2026-01-19 20:08:05,274 - INFO - Closed SHORT position: P&L=-10.00
2026-01-19 20:08:05,276 - INFO - Saved trade: 17, P&L=-10.0
2026-01-19 20:08:08,353 - INFO - Opened SHORT position at 2000.7 on 2025-12-30 09:38:00+05:30
2026-01-19 20:08:08,759 - INFO - End time reached. Auto-closing open position.
2026-01-19 20:08:08,759 - INFO - Closed SHORT position: P&L=-13.40
2026-01-19 20:08:08,763 - INFO - Saved trade: 18, P&L=-13.4
2026-01-19 20:08:12,213 - INFO - Opened SHORT position at 2011.7 on 2025-12-31 09:45:00+05:30
2026-01-19 20:08:12,625 - INFO - End time reached. Auto-closing open position.
2026-01-19 20:08:12,625 - INFO - Closed SHORT position: P&L=-28.90
2026-01-19 20:08:12,628 - INFO - Saved trade: 19, P&L=-28.9
2026-01-19 20:08:16,182 - INFO - Opened SHORT position at 2032.4 on 2026-01-01 09:34:00+05:30
2026-01-19 20:08:16,553 - INFO - End time reached. Auto-closing open position.
2026-01-19 20:08:16,553 - INFO - Closed SHORT position: P&L=-3.40
2026-01-19 20:08:16,556 - INFO - Saved trade: 20, P&L=-3.4
2026-01-19 20:08:24,700 - INFO - Opened LONG position at 2072.7 on 2026-01-06 10:11:00+05:30
2026-01-19 20:09:27,966 - INFO - Opened SHORT position at 2071.2 on 2025-12-08 10:05:00+05:30
2026-01-19 20:09:28,300 - INFO - End time reached. Auto-closing open position.
2026-01-19 20:09:28,301 - INFO - Closed SHORT position: P&L=20.50
2026-01-19 20:09:28,312 - INFO - Saved trade: 0, P&L=20.5
2026-01-19 20:09:53,662 - INFO - Opened LONG position at 2092.6 on 2025-12-10 09:38:00+05:30
2026-01-19 20:09:53,908 - INFO - Closed LONG position: P&L=-22.30
2026-01-19 20:09:53,909 - INFO - Opened SHORT position at 2073.7 on 2025-12-10 10:58:00+05:30
2026-01-19 20:09:53,913 - INFO - Saved trade: 1, P&L=-22.3
2026-01-19 20:10:44,726 - INFO - Opened SHORT position at 2071.2 on 2025-12-08 10:05:00+05:30
2026-01-19 20:10:45,069 - INFO - End time reached. Auto-closing open position.
2026-01-19 20:10:45,069 - INFO - Closed SHORT position: P&L=20.50
2026-01-19 20:10:45,079 - INFO - Saved trade: 0, P&L=20.5
2026-01-19 20:11:43,867 - INFO - Opened SHORT position at 2071.2 on 2025-12-08 10:05:00+05:30
2026-01-19 20:11:44,230 - INFO - End time reached. Auto-closing open position.
2026-01-19 20:11:44,230 - INFO - Closed SHORT position: P&L=20.50
2026-01-19 20:11:44,240 - INFO - Saved trade: 0, P&L=20.5
2026-01-19 20:35:39,359 - INFO - Opened SHORT position at 2071.2 on 2025-12-08 10:05:00+05:30
2026-01-19 20:35:39,672 - INFO - End time reached. Auto-closing open position.
2026-01-19 20:35:39,672 - INFO - Closed SHORT position: P&L=20.50
2026-01-19 20:35:39,682 - INFO - Saved trade: 0, P&L=20.5
2026-01-19 20:39:43,951 - INFO - Opened SHORT position at 2071.2 on 2025-12-08 10:05:00+05:30
2026-01-19 20:39:44,305 - INFO - End time reached. Auto-closing open position.
2026-01-19 20:39:44,305 - INFO - Closed SHORT position: P&L=20.50
2026-01-19 20:39:44,316 - INFO - Saved trade: 0, P&L=20.5
2026-01-19 20:40:09,648 - INFO - Opened LONG position at 2092.6 on 2025-12-10 09:38:00+05:30
2026-01-19 20:40:09,741 - INFO - Closed LONG position: P&L=-22.30
2026-01-19 20:40:09,741 - INFO - Opened SHORT position at 2073.7 on 2025-12-10 10:58:00+05:30
2026-01-19 20:40:09,746 - INFO - Saved trade: 1, P&L=-22.3
2026-01-19 20:40:10,629 - INFO - End time reached. Auto-closing open position.
2026-01-19 20:40:10,629 - INFO - Closed SHORT position: P&L=6.80
2026-01-19 20:40:10,631 - INFO - Saved trade: 2, P&L=6.8
2026-01-19 20:40:11,688 - INFO - Opened SHORT position at 2053.3 on 2025-12-11 13:09:00+05:30
2026-01-19 20:40:11,831 - INFO - End time reached. Auto-closing open position.
2026-01-19 20:40:11,831 - INFO - Closed SHORT position: P&L=-12.50
2026-01-19 20:40:11,834 - INFO - Saved trade: 3, P&L=-12.5
2026-01-19 20:40:12,886 - INFO - Opened LONG position at 2080.7 on 2025-12-12 09:37:00+05:30
2026-01-19 20:40:12,934 - INFO - Closed LONG position: P&L=-8.40
2026-01-19 20:40:12,934 - INFO - Opened SHORT position at 2073.9 on 2025-12-12 10:09:00+05:30
2026-01-19 20:40:12,936 - INFO - Saved trade: 4, P&L=-8.4
2026-01-19 20:40:14,090 - INFO - Closed SHORT position: P&L=-9.00
2026-01-19 20:40:14,090 - INFO - Opened LONG position at 2082.8 on 2025-12-12 12:36:00+05:30
2026-01-19 20:40:14,093 - INFO - Saved trade: 5, P&L=-9.0
2026-01-19 20:40:15,364 - INFO - End time reached. Auto-closing open position.
2026-01-19 20:40:15,364 - INFO - Closed LONG position: P&L=-2.00
2026-01-19 20:40:15,366 - INFO - Saved trade: 6, P&L=-2.0
2026-01-19 20:40:16,569 - INFO - Opened SHORT position at 2063.5 on 2025-12-15 09:41:00+05:30
2026-01-19 20:40:17,018 - INFO - End time reached. Auto-closing open position.
2026-01-19 20:40:17,018 - INFO - Closed SHORT position: P&L=-6.90
2026-01-19 20:40:17,021 - INFO - Saved trade: 7, P&L=-6.9
2026-01-19 20:40:18,559 - INFO - Opened SHORT position at 2050.0 on 2025-12-16 10:01:00+05:30
2026-01-19 20:40:18,966 - INFO - End time reached. Auto-closing open position.
2026-01-19 20:40:18,967 - INFO - Closed SHORT position: P&L=12.70
2026-01-19 20:40:18,969 - INFO - Saved trade: 8, P&L=12.7
2026-01-19 20:40:21,120 - INFO - Opened SHORT position at 2022.8 on 2025-12-17 12:03:00+05:30
2026-01-19 20:40:21,388 - INFO - End time reached. Auto-closing open position.
2026-01-19 20:40:21,388 - INFO - Closed SHORT position: P&L=0.70
2026-01-19 20:40:21,393 - INFO - Saved trade: 9, P&L=0.7
2026-01-19 20:40:23,651 - INFO - Opened LONG position at 2025.4 on 2025-12-18 10:18:00+05:30
2026-01-19 20:40:24,096 - INFO - End time reached. Auto-closing open position.
2026-01-19 20:40:24,097 - INFO - Closed LONG position: P&L=-0.90
2026-01-19 20:40:24,103 - INFO - Saved trade: 10, P&L=-0.9
2026-01-19 20:40:26,315 - INFO - Opened LONG position at 2052.7 on 2025-12-19 09:54:00+05:30
2026-01-19 20:40:26,705 - INFO - End time reached. Auto-closing open position.
2026-01-19 20:40:26,710 - INFO - Closed LONG position: P&L=-9.10
2026-01-19 20:40:26,713 - INFO - Saved trade: 11, P&L=-9.1
2026-01-19 20:40:29,854 - INFO - Opened LONG position at 2057.3 on 2025-12-23 09:38:00+05:30
2026-01-19 20:40:29,863 - INFO - Closed LONG position: P&L=-9.00
2026-01-19 20:40:29,863 - INFO - Opened SHORT position at 2048.7 on 2025-12-23 09:45:00+05:30
2026-01-19 20:40:29,866 - INFO - Saved trade: 12, P&L=-9.0
2026-01-19 20:40:32,796 - INFO - End time reached. Auto-closing open position.
2026-01-19 20:40:32,796 - INFO - Closed SHORT position: P&L=0.50
2026-01-19 20:40:32,798 - INFO - Saved trade: 13, P&L=0.5
2026-01-19 20:40:35,310 - INFO - Opened LONG position at 2063.6 on 2025-12-24 09:35:00+05:30
2026-01-19 20:40:35,542 - INFO - Closed LONG position: P&L=-23.40
2026-01-19 20:40:35,542 - INFO - Opened SHORT position at 2040.9 on 2025-12-24 12:14:00+05:30
2026-01-19 20:40:35,545 - INFO - Saved trade: 14, P&L=-23.4
2026-01-19 20:40:38,417 - INFO - End time reached. Auto-closing open position.
2026-01-19 20:40:38,417 - INFO - Closed SHORT position: P&L=6.50
2026-01-19 20:40:38,420 - INFO - Saved trade: 15, P&L=6.5
2026-01-19 20:40:41,273 - INFO - Opened SHORT position at 2024.0 on 2025-12-26 10:11:00+05:30
2026-01-19 20:40:41,659 - INFO - End time reached. Auto-closing open position.
2026-01-19 20:40:41,659 - INFO - Closed SHORT position: P&L=10.80
2026-01-19 20:40:41,662 - INFO - Saved trade: 16, P&L=10.8
2026-01-19 20:40:44,718 - INFO - Opened SHORT position at 2000.1 on 2025-12-29 10:00:00+05:30
2026-01-19 20:40:45,141 - INFO - End time reached. Auto-closing open position.
2026-01-19 20:40:45,141 - INFO - Closed SHORT position: P&L=-10.00
2026-01-19 20:40:45,144 - INFO - Saved trade: 17, P&L=-10.0
2026-01-19 20:40:48,369 - INFO - Opened SHORT position at 2000.7 on 2025-12-30 09:38:00+05:30
2026-01-19 20:40:48,775 - INFO - End time reached. Auto-closing open position.
2026-01-19 20:40:48,775 - INFO - Closed SHORT position: P&L=-13.40
2026-01-19 20:40:48,778 - INFO - Saved trade: 18, P&L=-13.4
2026-01-19 20:40:52,025 - INFO - Opened SHORT position at 2011.7 on 2025-12-31 09:45:00+05:30
2026-01-19 20:40:52,481 - INFO - End time reached. Auto-closing open position.
2026-01-19 20:40:52,481 - INFO - Closed SHORT position: P&L=-28.90
2026-01-19 20:40:52,484 - INFO - Saved trade: 19, P&L=-28.9
2026-01-19 20:40:56,195 - INFO - Opened SHORT position at 2032.4 on 2026-01-01 09:34:00+05:30
2026-01-19 20:40:56,666 - INFO - End time reached. Auto-closing open position.
2026-01-19 20:40:56,667 - INFO - Closed SHORT position: P&L=-3.40
2026-01-19 20:40:56,671 - INFO - Saved trade: 20, P&L=-3.4
2026-01-19 20:41:04,048 - INFO - Opened SHORT position at 2071.2 on 2025-12-08 10:05:00+05:30
2026-01-19 20:41:04,553 - INFO - End time reached. Auto-closing open position.
2026-01-19 20:41:04,553 - INFO - Closed SHORT position: P&L=20.50
2026-01-19 20:41:04,562 - INFO - Saved trade: 0, P&L=20.5
2026-01-19 20:41:05,500 - INFO - Opened LONG position at 2092.6 on 2025-12-10 09:38:00+05:30
2026-01-19 20:41:05,602 - INFO - Closed LONG position: P&L=-22.30
2026-01-19 20:41:05,602 - INFO - Opened SHORT position at 2073.7 on 2025-12-10 10:58:00+05:30
2026-01-19 20:41:05,606 - INFO - Saved trade: 1, P&L=-22.3
2026-01-19 20:41:06,718 - INFO - End time reached. Auto-closing open position.
2026-01-19 20:41:06,718 - INFO - Closed SHORT position: P&L=6.80
2026-01-19 20:41:06,722 - INFO - Saved trade: 2, P&L=6.8
2026-01-19 20:41:07,919 - INFO - Opened SHORT position at 2053.3 on 2025-12-11 13:09:00+05:30
2026-01-19 20:41:08,066 - INFO - End time reached. Auto-closing open position.
2026-01-19 20:41:08,066 - INFO - Closed SHORT position: P&L=-12.50
2026-01-19 20:41:08,069 - INFO - Saved trade: 3, P&L=-12.5
2026-01-19 20:41:09,138 - INFO - Opened LONG position at 2080.7 on 2025-12-12 09:37:00+05:30
2026-01-19 20:41:09,175 - INFO - Closed LONG position: P&L=-8.40
2026-01-19 20:41:09,175 - INFO - Opened SHORT position at 2073.9 on 2025-12-12 10:09:00+05:30
2026-01-19 20:41:09,178 - INFO - Saved trade: 4, P&L=-8.4
2026-01-19 20:41:10,418 - INFO - Closed SHORT position: P&L=-9.00
2026-01-19 20:41:10,418 - INFO - Opened LONG position at 2082.8 on 2025-12-12 12:36:00+05:30
2026-01-19 20:41:10,421 - INFO - Saved trade: 5, P&L=-9.0
2026-01-19 20:41:11,658 - INFO - End time reached. Auto-closing open position.
2026-01-19 20:41:11,658 - INFO - Closed LONG position: P&L=-2.00
2026-01-19 20:41:11,661 - INFO - Saved trade: 6, P&L=-2.0
2026-01-19 20:41:13,027 - INFO - Opened SHORT position at 2063.5 on 2025-12-15 09:41:00+05:30
2026-01-19 20:41:13,410 - INFO - End time reached. Auto-closing open position.
2026-01-19 20:41:13,411 - INFO - Closed SHORT position: P&L=-6.90
2026-01-19 20:41:13,413 - INFO - Saved trade: 7, P&L=-6.9
2026-01-19 20:41:14,964 - INFO - Opened SHORT position at 2050.0 on 2025-12-16 10:01:00+05:30
2026-01-19 20:41:15,496 - INFO - End time reached. Auto-closing open position.
2026-01-19 20:41:15,497 - INFO - Closed SHORT position: P&L=12.70
2026-01-19 20:41:15,501 - INFO - Saved trade: 8, P&L=12.7
2026-01-19 20:41:17,281 - INFO - Opened SHORT position at 2022.8 on 2025-12-17 12:03:00+05:30
2026-01-19 20:41:17,491 - INFO - End time reached. Auto-closing open position.
2026-01-19 20:41:17,491 - INFO - Closed SHORT position: P&L=0.70
2026-01-19 20:41:17,493 - INFO - Saved trade: 9, P&L=0.7
2026-01-19 20:41:19,315 - INFO - Opened LONG position at 2025.4 on 2025-12-18 10:18:00+05:30
2026-01-19 20:41:19,659 - INFO - End time reached. Auto-closing open position.
2026-01-19 20:41:19,659 - INFO - Closed LONG position: P&L=-0.90
2026-01-19 20:41:19,662 - INFO - Saved trade: 10, P&L=-0.9
2026-01-19 20:41:21,989 - INFO - Opened LONG position at 2052.7 on 2025-12-19 09:54:00+05:30
2026-01-19 20:41:22,439 - INFO - End time reached. Auto-closing open position.
2026-01-19 20:41:22,439 - INFO - Closed LONG position: P&L=-9.10
2026-01-19 20:41:22,442 - INFO - Saved trade: 11, P&L=-9.1
2026-01-19 20:41:25,227 - INFO - Opened LONG position at 2057.3 on 2025-12-23 09:38:00+05:30
2026-01-19 20:41:25,234 - INFO - Closed LONG position: P&L=-9.00
2026-01-19 20:41:25,234 - INFO - Opened SHORT position at 2048.7 on 2025-12-23 09:45:00+05:30
2026-01-19 20:41:25,237 - INFO - Saved trade: 12, P&L=-9.0
2026-01-19 20:41:27,840 - INFO - End time reached. Auto-closing open position.
2026-01-19 20:41:27,840 - INFO - Closed SHORT position: P&L=0.50
2026-01-19 20:41:27,843 - INFO - Saved trade: 13, P&L=0.5
2026-01-19 20:41:30,343 - INFO - Opened LONG position at 2063.6 on 2025-12-24 09:35:00+05:30
2026-01-19 20:41:30,524 - INFO - Closed LONG position: P&L=-23.40
2026-01-19 20:41:30,524 - INFO - Opened SHORT position at 2040.9 on 2025-12-24 12:14:00+05:30
2026-01-19 20:41:30,527 - INFO - Saved trade: 14, P&L=-23.4
2026-01-19 20:41:33,526 - INFO - End time reached. Auto-closing open position.
2026-01-19 20:41:33,526 - INFO - Closed SHORT position: P&L=6.50
2026-01-19 20:41:33,529 - INFO - Saved trade: 15, P&L=6.5
2026-01-19 20:41:36,687 - INFO - Opened SHORT position at 2024.0 on 2025-12-26 10:11:00+05:30
2026-01-19 20:41:37,070 - INFO - End time reached. Auto-closing open position.
2026-01-19 20:41:37,070 - INFO - Closed SHORT position: P&L=10.80
2026-01-19 20:41:37,074 - INFO - Saved trade: 16, P&L=10.8
2026-01-19 20:41:40,014 - INFO - Opened SHORT position at 2000.1 on 2025-12-29 10:00:00+05:30
2026-01-19 20:41:40,428 - INFO - End time reached. Auto-closing open position.
2026-01-19 20:41:40,428 - INFO - Closed SHORT position: P&L=-10.00
2026-01-19 20:41:40,430 - INFO - Saved trade: 17, P&L=-10.0
2026-01-19 20:41:43,703 - INFO - Opened SHORT position at 2000.7 on 2025-12-30 09:38:00+05:30
2026-01-19 20:41:44,144 - INFO - End time reached. Auto-closing open position.
2026-01-19 20:41:44,145 - INFO - Closed SHORT position: P&L=-13.40
2026-01-19 20:41:44,152 - INFO - Saved trade: 18, P&L=-13.4
2026-01-19 20:41:53,674 - INFO - Opened SHORT position at 2071.2 on 2025-12-08 10:05:00+05:30
2026-01-19 20:41:54,003 - INFO - End time reached. Auto-closing open position.
2026-01-19 20:41:54,003 - INFO - Closed SHORT position: P&L=20.50
2026-01-19 20:41:54,013 - INFO - Saved trade: 0, P&L=20.5
2026-01-19 20:41:54,851 - INFO - Opened LONG position at 2092.6 on 2025-12-10 09:38:00+05:30
2026-01-19 20:41:54,946 - INFO - Closed LONG position: P&L=-22.30
2026-01-19 20:41:54,946 - INFO - Opened SHORT position at 2073.7 on 2025-12-10 10:58:00+05:30
2026-01-19 20:41:54,949 - INFO - Saved trade: 1, P&L=-22.3
2026-01-19 20:41:55,751 - INFO - End time reached. Auto-closing open position.
2026-01-19 20:41:55,751 - INFO - Closed SHORT position: P&L=6.80
2026-01-19 20:41:55,753 - INFO - Saved trade: 2, P&L=6.8
2026-01-19 20:41:56,762 - INFO - Opened SHORT position at 2053.3 on 2025-12-11 13:09:00+05:30
2026-01-19 20:41:56,892 - INFO - End time reached. Auto-closing open position.
2026-01-19 20:41:56,892 - INFO - Closed SHORT position: P&L=-12.50
2026-01-19 20:41:56,895 - INFO - Saved trade: 3, P&L=-12.5
2026-01-19 20:41:57,824 - INFO - Opened LONG position at 2080.7 on 2025-12-12 09:37:00+05:30
2026-01-19 20:41:57,859 - INFO - Closed LONG position: P&L=-8.40
2026-01-19 20:41:57,860 - INFO - Opened SHORT position at 2073.9 on 2025-12-12 10:09:00+05:30
2026-01-19 20:41:57,862 - INFO - Saved trade: 4, P&L=-8.4
2026-01-19 20:41:58,913 - INFO - Closed SHORT position: P&L=-9.00
2026-01-19 20:41:58,913 - INFO - Opened LONG position at 2082.8 on 2025-12-12 12:36:00+05:30
2026-01-19 20:41:58,915 - INFO - Saved trade: 5, P&L=-9.0
2026-01-19 20:42:00,037 - INFO - End time reached. Auto-closing open position.
2026-01-19 20:42:00,038 - INFO - Closed LONG position: P&L=-2.00
2026-01-19 20:42:00,040 - INFO - Saved trade: 6, P&L=-2.0
2026-01-19 20:42:01,173 - INFO - Opened SHORT position at 2063.5 on 2025-12-15 09:41:00+05:30
2026-01-19 20:42:01,533 - INFO - End time reached. Auto-closing open position.
2026-01-19 20:42:01,533 - INFO - Closed SHORT position: P&L=-6.90
2026-01-19 20:42:01,535 - INFO - Saved trade: 7, P&L=-6.9
2026-01-19 20:42:02,935 - INFO - Opened SHORT position at 2050.0 on 2025-12-16 10:01:00+05:30
2026-01-19 20:42:03,293 - INFO - End time reached. Auto-closing open position.
2026-01-19 20:42:03,293 - INFO - Closed SHORT position: P&L=12.70
2026-01-19 20:42:03,295 - INFO - Saved trade: 8, P&L=12.7
2026-01-19 20:42:05,020 - INFO - Opened SHORT position at 2022.8 on 2025-12-17 12:03:00+05:30
2026-01-19 20:42:05,229 - INFO - End time reached. Auto-closing open position.
2026-01-19 20:42:05,229 - INFO - Closed SHORT position: P&L=0.70
2026-01-19 20:42:05,231 - INFO - Saved trade: 9, P&L=0.7
2026-01-19 20:42:07,029 - INFO - Opened LONG position at 2025.4 on 2025-12-18 10:18:00+05:30
2026-01-19 20:42:07,370 - INFO - End time reached. Auto-closing open position.
2026-01-19 20:42:07,370 - INFO - Closed LONG position: P&L=-0.90
2026-01-19 20:42:07,373 - INFO - Saved trade: 10, P&L=-0.9
2026-01-19 20:42:09,454 - INFO - Opened LONG position at 2052.7 on 2025-12-19 09:54:00+05:30
2026-01-19 20:42:09,817 - INFO - End time reached. Auto-closing open position.
2026-01-19 20:42:09,817 - INFO - Closed LONG position: P&L=-9.10
2026-01-19 20:42:09,819 - INFO - Saved trade: 11, P&L=-9.1
2026-01-19 20:42:12,863 - INFO - Opened LONG position at 2057.3 on 2025-12-23 09:38:00+05:30
2026-01-19 20:42:12,871 - INFO - Closed LONG position: P&L=-9.00
2026-01-19 20:42:12,871 - INFO - Opened SHORT position at 2048.7 on 2025-12-23 09:45:00+05:30
2026-01-19 20:42:12,874 - INFO - Saved trade: 12, P&L=-9.0
2026-01-19 20:42:15,811 - INFO - End time reached. Auto-closing open position.
2026-01-19 20:42:15,811 - INFO - Closed SHORT position: P&L=0.50
2026-01-19 20:42:15,814 - INFO - Saved trade: 13, P&L=0.5
2026-01-19 20:42:18,678 - INFO - Opened LONG position at 2063.6 on 2025-12-24 09:35:00+05:30
2026-01-19 20:42:18,936 - INFO - Closed LONG position: P&L=-23.40
2026-01-19 20:42:18,936 - INFO - Opened SHORT position at 2040.9 on 2025-12-24 12:14:00+05:30
2026-01-19 20:42:18,938 - INFO - Saved trade: 14, P&L=-23.4
2026-01-19 20:42:21,865 - INFO - End time reached. Auto-closing open position.
2026-01-19 20:42:21,865 - INFO - Closed SHORT position: P&L=6.50
2026-01-19 20:42:21,867 - INFO - Saved trade: 15, P&L=6.5
2026-01-19 20:42:24,667 - INFO - Opened SHORT position at 2024.0 on 2025-12-26 10:11:00+05:30
2026-01-19 20:42:25,003 - INFO - End time reached. Auto-closing open position.
2026-01-19 20:42:25,003 - INFO - Closed SHORT position: P&L=10.80
2026-01-19 20:42:25,005 - INFO - Saved trade: 16, P&L=10.8
2026-01-19 20:42:28,218 - INFO - Opened SHORT position at 2000.1 on 2025-12-29 10:00:00+05:30
2026-01-19 20:42:28,636 - INFO - End time reached. Auto-closing open position.
2026-01-19 20:42:28,636 - INFO - Closed SHORT position: P&L=-10.00
2026-01-19 20:42:28,638 - INFO - Saved trade: 17, P&L=-10.0
2026-01-19 20:42:32,144 - INFO - Opened SHORT position at 2000.7 on 2025-12-30 09:38:00+05:30
2026-01-19 20:42:32,571 - INFO - End time reached. Auto-closing open position.
2026-01-19 20:42:32,571 - INFO - Closed SHORT position: P&L=-13.40
2026-01-19 20:42:32,573 - INFO - Saved trade: 18, P&L=-13.4
2026-01-19 20:42:35,883 - INFO - Opened SHORT position at 2011.7 on 2025-12-31 09:45:00+05:30
2026-01-19 20:42:36,442 - INFO - End time reached. Auto-closing open position.
2026-01-19 20:42:36,442 - INFO - Closed SHORT position: P&L=-28.90
2026-01-19 20:42:36,444 - INFO - Saved trade: 19, P&L=-28.9
2026-01-19 20:42:40,683 - INFO - Opened SHORT position at 2032.4 on 2026-01-01 09:34:00+05:30
2026-01-19 20:42:41,239 - INFO - End time reached. Auto-closing open position.
2026-01-19 20:42:41,239 - INFO - Closed SHORT position: P&L=-3.40
2026-01-19 20:42:41,241 - INFO - Saved trade: 20, P&L=-3.4
2026-01-19 20:42:50,237 - INFO - Opened LONG position at 2072.7 on 2026-01-06 10:11:00+05:30
2026-01-19 20:43:10,010 - INFO - Opened SHORT position at 2071.2 on 2025-12-08 10:05:00+05:30
2026-01-19 20:43:10,333 - INFO - End time reached. Auto-closing open position.
2026-01-19 20:43:10,333 - INFO - Closed SHORT position: P&L=20.50
2026-01-19 20:43:10,342 - INFO - Saved trade: 0, P&L=20.5
2026-01-19 20:43:11,122 - INFO - Opened LONG position at 2092.6 on 2025-12-10 09:38:00+05:30
2026-01-19 20:43:11,212 - INFO - Closed LONG position: P&L=-22.30
2026-01-19 20:43:11,212 - INFO - Opened SHORT position at 2073.7 on 2025-12-10 10:58:00+05:30
2026-01-19 20:43:11,215 - INFO - Saved trade: 1, P&L=-22.3
2026-01-19 20:43:12,073 - INFO - End time reached. Auto-closing open position.
2026-01-19 20:43:12,073 - INFO - Closed SHORT position: P&L=6.80
2026-01-19 20:43:12,075 - INFO - Saved trade: 2, P&L=6.8
2026-01-19 20:43:13,096 - INFO - Opened SHORT position at 2053.3 on 2025-12-11 13:09:00+05:30
2026-01-19 20:43:13,218 - INFO - End time reached. Auto-closing open position.
2026-01-19 20:43:13,218 - INFO - Closed SHORT position: P&L=-12.50
2026-01-19 20:43:13,221 - INFO - Saved trade: 3, P&L=-12.5
2026-01-19 20:43:14,146 - INFO - Opened LONG position at 2080.7 on 2025-12-12 09:37:00+05:30
2026-01-19 20:43:14,186 - INFO - Closed LONG position: P&L=-8.40
2026-01-19 20:43:14,186 - INFO - Opened SHORT position at 2073.9 on 2025-12-12 10:09:00+05:30
2026-01-19 20:43:14,189 - INFO - Saved trade: 4, P&L=-8.4
2026-01-19 20:43:15,275 - INFO - Closed SHORT position: P&L=-9.00
2026-01-19 20:43:15,275 - INFO - Opened LONG position at 2082.8 on 2025-12-12 12:36:00+05:30
2026-01-19 20:43:15,278 - INFO - Saved trade: 5, P&L=-9.0
2026-01-19 20:43:16,389 - INFO - End time reached. Auto-closing open position.
2026-01-19 20:43:16,390 - INFO - Closed LONG position: P&L=-2.00
2026-01-19 20:43:16,392 - INFO - Saved trade: 6, P&L=-2.0
2026-01-19 20:43:17,531 - INFO - Opened SHORT position at 2063.5 on 2025-12-15 09:41:00+05:30
2026-01-19 20:43:17,952 - INFO - End time reached. Auto-closing open position.
2026-01-19 20:43:17,952 - INFO - Closed SHORT position: P&L=-6.90
2026-01-19 20:43:17,955 - INFO - Saved trade: 7, P&L=-6.9
2026-01-19 20:43:19,422 - INFO - Opened SHORT position at 2050.0 on 2025-12-16 10:01:00+05:30
2026-01-19 20:43:19,766 - INFO - End time reached. Auto-closing open position.
2026-01-19 20:43:19,766 - INFO - Closed SHORT position: P&L=12.70
2026-01-19 20:43:19,770 - INFO - Saved trade: 8, P&L=12.7
2026-01-19 20:43:21,502 - INFO - Opened SHORT position at 2022.8 on 2025-12-17 12:03:00+05:30
2026-01-19 20:43:21,723 - INFO - End time reached. Auto-closing open position.
2026-01-19 20:43:21,723 - INFO - Closed SHORT position: P&L=0.70
2026-01-19 20:43:21,726 - INFO - Saved trade: 9, P&L=0.7
2026-01-19 20:43:23,681 - INFO - Opened LONG position at 2025.4 on 2025-12-18 10:18:00+05:30
2026-01-19 20:43:24,046 - INFO - End time reached. Auto-closing open position.
2026-01-19 20:43:24,046 - INFO - Closed LONG position: P&L=-0.90
2026-01-19 20:43:24,049 - INFO - Saved trade: 10, P&L=-0.9
2026-01-19 20:43:26,151 - INFO - Opened LONG position at 2052.7 on 2025-12-19 09:54:00+05:30
2026-01-19 20:43:26,505 - INFO - End time reached. Auto-closing open position.
2026-01-19 20:43:26,505 - INFO - Closed LONG position: P&L=-9.10
2026-01-19 20:43:26,507 - INFO - Saved trade: 11, P&L=-9.1
2026-01-19 20:43:29,445 - INFO - Opened LONG position at 2057.3 on 2025-12-23 09:38:00+05:30
2026-01-19 20:43:29,455 - INFO - Closed LONG position: P&L=-9.00
2026-01-19 20:43:29,455 - INFO - Opened SHORT position at 2048.7 on 2025-12-23 09:45:00+05:30
2026-01-19 20:43:29,458 - INFO - Saved trade: 12, P&L=-9.0
2026-01-19 20:43:32,323 - INFO - End time reached. Auto-closing open position.
2026-01-19 20:43:32,323 - INFO - Closed SHORT position: P&L=0.50
2026-01-19 20:43:32,326 - INFO - Saved trade: 13, P&L=0.5
2026-01-19 20:43:35,096 - INFO - Opened LONG position at 2063.6 on 2025-12-24 09:35:00+05:30
2026-01-19 20:43:35,289 - INFO - Closed LONG position: P&L=-23.40
2026-01-19 20:43:35,289 - INFO - Opened SHORT position at 2040.9 on 2025-12-24 12:14:00+05:30
2026-01-19 20:43:35,292 - INFO - Saved trade: 14, P&L=-23.4
2026-01-19 20:43:38,497 - INFO - End time reached. Auto-closing open position.
2026-01-19 20:43:38,497 - INFO - Closed SHORT position: P&L=6.50
2026-01-19 20:43:38,500 - INFO - Saved trade: 15, P&L=6.5
2026-01-19 20:43:41,360 - INFO - Opened SHORT position at 2024.0 on 2025-12-26 10:11:00+05:30
2026-01-19 20:43:41,728 - INFO - End time reached. Auto-closing open position.
2026-01-19 20:43:41,728 - INFO - Closed SHORT position: P&L=10.80
2026-01-19 20:43:41,730 - INFO - Saved trade: 16, P&L=10.8
2026-01-19 20:43:44,850 - INFO - Opened SHORT position at 2000.1 on 2025-12-29 10:00:00+05:30
2026-01-19 20:43:45,316 - INFO - End time reached. Auto-closing open position.
2026-01-19 20:43:45,316 - INFO - Closed SHORT position: P&L=-10.00
2026-01-19 20:43:45,321 - INFO - Saved trade: 17, P&L=-10.0
2026-01-19 20:43:48,475 - INFO - Opened SHORT position at 2000.7 on 2025-12-30 09:38:00+05:30
2026-01-19 20:43:48,944 - INFO - End time reached. Auto-closing open position.
2026-01-19 20:43:48,944 - INFO - Closed SHORT position: P&L=-13.40
2026-01-19 20:43:48,947 - INFO - Saved trade: 18, P&L=-13.4
2026-01-19 20:43:52,413 - INFO - Opened SHORT position at 2011.7 on 2025-12-31 09:45:00+05:30
2026-01-19 20:43:52,849 - INFO - End time reached. Auto-closing open position.
2026-01-19 20:43:52,849 - INFO - Closed SHORT position: P&L=-28.90
2026-01-19 20:43:52,852 - INFO - Saved trade: 19, P&L=-28.9
2026-01-19 20:43:56,445 - INFO - Opened SHORT position at 2032.4 on 2026-01-01 09:34:00+05:30
2026-01-19 20:43:56,925 - INFO - End time reached. Auto-closing open position.
2026-01-19 20:43:56,926 - INFO - Closed SHORT position: P&L=-3.40
2026-01-19 20:43:56,930 - INFO - Saved trade: 20, P&L=-3.4
2026-01-19 20:44:11,270 - INFO - Opened SHORT position at 2071.2 on 2025-12-08 10:05:00+05:30
2026-01-19 20:44:11,656 - INFO - End time reached. Auto-closing open position.
2026-01-19 20:44:11,656 - INFO - Closed SHORT position: P&L=20.50
2026-01-19 20:44:11,667 - INFO - Saved trade: 0, P&L=20.5
2026-01-19 20:44:12,476 - INFO - Opened LONG position at 2092.6 on 2025-12-10 09:38:00+05:30
2026-01-19 20:44:12,601 - INFO - Closed LONG position: P&L=-22.30
2026-01-19 20:44:12,601 - INFO - Opened SHORT position at 2073.7 on 2025-12-10 10:58:00+05:30
2026-01-19 20:44:12,604 - INFO - Saved trade: 1, P&L=-22.3
2026-01-19 20:44:13,428 - INFO - End time reached. Auto-closing open position.
2026-01-19 20:44:13,428 - INFO - Closed SHORT position: P&L=6.80
2026-01-19 20:44:13,432 - INFO - Saved trade: 2, P&L=6.8
2026-01-19 20:44:14,391 - INFO - Opened SHORT position at 2053.3 on 2025-12-11 13:09:00+05:30
2026-01-19 20:44:14,515 - INFO - End time reached. Auto-closing open position.
2026-01-19 20:44:14,515 - INFO - Closed SHORT position: P&L=-12.50
2026-01-19 20:44:14,518 - INFO - Saved trade: 3, P&L=-12.5
2026-01-19 20:44:15,465 - INFO - Opened LONG position at 2080.7 on 2025-12-12 09:37:00+05:30
2026-01-19 20:44:15,501 - INFO - Closed LONG position: P&L=-8.40
2026-01-19 20:44:15,501 - INFO - Opened SHORT position at 2073.9 on 2025-12-12 10:09:00+05:30
2026-01-19 20:44:15,504 - INFO - Saved trade: 4, P&L=-8.4
2026-01-19 20:44:16,528 - INFO - Closed SHORT position: P&L=-9.00
2026-01-19 20:44:16,528 - INFO - Opened LONG position at 2082.8 on 2025-12-12 12:36:00+05:30
2026-01-19 20:44:16,530 - INFO - Saved trade: 5, P&L=-9.0
2026-01-19 20:44:17,648 - INFO - End time reached. Auto-closing open position.
2026-01-19 20:44:17,649 - INFO - Closed LONG position: P&L=-2.00
2026-01-19 20:44:17,651 - INFO - Saved trade: 6, P&L=-2.0
2026-01-19 20:44:18,795 - INFO - Opened SHORT position at 2063.5 on 2025-12-15 09:41:00+05:30
2026-01-19 20:44:19,162 - INFO - End time reached. Auto-closing open position.
2026-01-19 20:44:19,162 - INFO - Closed SHORT position: P&L=-6.90
2026-01-19 20:44:19,165 - INFO - Saved trade: 7, P&L=-6.9
2026-01-19 20:44:20,605 - INFO - Opened SHORT position at 2050.0 on 2025-12-16 10:01:00+05:30
2026-01-19 20:44:20,959 - INFO - End time reached. Auto-closing open position.
2026-01-19 20:44:20,959 - INFO - Closed SHORT position: P&L=12.70
2026-01-19 20:44:20,962 - INFO - Saved trade: 8, P&L=12.7
2026-01-19 20:44:22,693 - INFO - Opened SHORT position at 2022.8 on 2025-12-17 12:03:00+05:30
2026-01-19 20:44:22,892 - INFO - End time reached. Auto-closing open position.
2026-01-19 20:44:22,892 - INFO - Closed SHORT position: P&L=0.70
2026-01-19 20:44:22,895 - INFO - Saved trade: 9, P&L=0.7
2026-01-19 20:44:24,756 - INFO - Opened LONG position at 2025.4 on 2025-12-18 10:18:00+05:30
2026-01-19 20:44:25,076 - INFO - End time reached. Auto-closing open position.
2026-01-19 20:44:25,077 - INFO - Closed LONG position: P&L=-0.90
2026-01-19 20:44:25,079 - INFO - Saved trade: 10, P&L=-0.9
2026-01-19 20:44:26,998 - INFO - Opened LONG position at 2052.7 on 2025-12-19 09:54:00+05:30
2026-01-19 20:44:27,427 - INFO - End time reached. Auto-closing open position.
2026-01-19 20:44:27,427 - INFO - Closed LONG position: P&L=-9.10
2026-01-19 20:44:27,432 - INFO - Saved trade: 11, P&L=-9.1
2026-01-19 20:44:30,279 - INFO - Opened LONG position at 2057.3 on 2025-12-23 09:38:00+05:30
2026-01-19 20:44:30,287 - INFO - Closed LONG position: P&L=-9.00
2026-01-19 20:44:30,287 - INFO - Opened SHORT position at 2048.7 on 2025-12-23 09:45:00+05:30
2026-01-19 20:44:30,290 - INFO - Saved trade: 12, P&L=-9.0
2026-01-19 20:44:32,958 - INFO - End time reached. Auto-closing open position.
2026-01-19 20:44:32,958 - INFO - Closed SHORT position: P&L=0.50
2026-01-19 20:44:32,960 - INFO - Saved trade: 13, P&L=0.5
2026-01-19 20:44:35,421 - INFO - Opened LONG position at 2063.6 on 2025-12-24 09:35:00+05:30
2026-01-19 20:44:35,613 - INFO - Closed LONG position: P&L=-23.40
2026-01-19 20:44:35,613 - INFO - Opened SHORT position at 2040.9 on 2025-12-24 12:14:00+05:30
2026-01-19 20:44:35,618 - INFO - Saved trade: 14, P&L=-23.4
2026-01-19 20:44:38,361 - INFO - End time reached. Auto-closing open position.
2026-01-19 20:44:38,361 - INFO - Closed SHORT position: P&L=6.50
2026-01-19 20:44:38,364 - INFO - Saved trade: 15, P&L=6.5
2026-01-19 20:44:47,219 - INFO - Opened SHORT position at 2071.2 on 2025-12-08 10:05:00+05:30
2026-01-19 20:44:47,533 - INFO - End time reached. Auto-closing open position.
2026-01-19 20:44:47,533 - INFO - Closed SHORT position: P&L=20.50
2026-01-19 20:44:47,542 - INFO - Saved trade: 0, P&L=20.5
2026-01-19 20:44:48,382 - INFO - Opened LONG position at 2092.6 on 2025-12-10 09:38:00+05:30
2026-01-19 20:44:48,477 - INFO - Closed LONG position: P&L=-22.30
2026-01-19 20:44:48,477 - INFO - Opened SHORT position at 2073.7 on 2025-12-10 10:58:00+05:30
2026-01-19 20:44:48,479 - INFO - Saved trade: 1, P&L=-22.3
2026-01-19 20:44:49,599 - INFO - End time reached. Auto-closing open position.
2026-01-19 20:44:49,599 - INFO - Closed SHORT position: P&L=6.80
2026-01-19 20:44:49,602 - INFO - Saved trade: 2, P&L=6.8
2026-01-19 20:44:50,530 - INFO - Opened SHORT position at 2053.3 on 2025-12-11 13:09:00+05:30
2026-01-19 20:44:50,659 - INFO - End time reached. Auto-closing open position.
2026-01-19 20:44:50,659 - INFO - Closed SHORT position: P&L=-12.50
2026-01-19 20:44:50,662 - INFO - Saved trade: 3, P&L=-12.5
2026-01-19 20:44:51,745 - INFO - Opened LONG position at 2080.7 on 2025-12-12 09:37:00+05:30
2026-01-19 20:44:51,794 - INFO - Closed LONG position: P&L=-8.40
2026-01-19 20:44:51,794 - INFO - Opened SHORT position at 2073.9 on 2025-12-12 10:09:00+05:30
2026-01-19 20:44:51,797 - INFO - Saved trade: 4, P&L=-8.4
2026-01-19 20:44:56,167 - INFO - Closed SHORT position: P&L=-9.00
2026-01-19 20:44:56,167 - INFO - Opened LONG position at 2082.8 on 2025-12-12 12:36:00+05:30
2026-01-19 20:44:56,174 - INFO - Saved trade: 5, P&L=-9.0
2026-01-19 20:45:23,787 - INFO - Opened SHORT position at 2071.2 on 2025-12-08 10:05:00+05:30
2026-01-19 20:45:24,128 - INFO - End time reached. Auto-closing open position.
2026-01-19 20:45:24,129 - INFO - Closed SHORT position: P&L=20.50
2026-01-19 20:45:24,138 - INFO - Saved trade: 0, P&L=20.5
2026-01-19 20:45:49,840 - INFO - Opened LONG position at 2092.6 on 2025-12-10 09:38:00+05:30
2026-01-19 20:45:50,093 - INFO - Closed LONG position: P&L=-22.30
2026-01-19 20:45:50,094 - INFO - Opened SHORT position at 2073.7 on 2025-12-10 10:58:00+05:30
2026-01-19 20:45:50,101 - INFO - Saved trade: 1, P&L=-22.3
2026-01-19 20:46:37,397 - INFO - Opened SHORT position at 2071.2 on 2025-12-08 10:05:00+05:30
2026-01-19 20:46:37,760 - INFO - End time reached. Auto-closing open position.
2026-01-19 20:46:37,760 - INFO - Closed SHORT position: P&L=20.50
2026-01-19 20:46:37,770 - INFO - Saved trade: 0, P&L=20.5
2026-01-19 20:49:17,222 - INFO - Opened SHORT position at 2071.2 on 2025-12-08 10:05:00+05:30
2026-01-19 20:49:17,566 - INFO - End time reached. Auto-closing open position.
2026-01-19 20:49:17,566 - INFO - Closed SHORT position: P&L=20.50
2026-01-19 20:49:17,576 - INFO - Saved trade: 0, P&L=20.5
2026-01-19 20:49:42,822 - INFO - Opened SHORT position at 2071.2 on 2025-12-08 10:05:00+05:30
2026-01-19 20:49:43,194 - INFO - End time reached. Auto-closing open position.
2026-01-19 20:49:43,194 - INFO - Closed SHORT position: P&L=20.50
2026-01-19 20:49:43,205 - INFO - Saved trade: 0, P&L=20.5
2026-01-19 20:51:24,083 - INFO - Opened SHORT position at 2071.2 on 2025-12-08 10:05:00+05:30
2026-01-19 20:51:24,442 - INFO - End time reached. Auto-closing open position.
2026-01-19 20:51:24,443 - INFO - Closed SHORT position: P&L=20.50
2026-01-19 20:51:24,452 - INFO - Saved trade: 0, P&L=20.5
2026-01-19 20:53:03,748 - INFO - Opened SHORT position at 2071.2 on 2025-12-08 10:05:00+05:30
2026-01-19 20:53:04,085 - INFO - End time reached. Auto-closing open position.
2026-01-19 20:53:04,085 - INFO - Closed SHORT position: P&L=20.50
2026-01-19 20:53:04,096 - INFO - Saved trade: 0, P&L=20.5
2026-01-19 20:55:32,710 - INFO - Opened SHORT position at 2071.2 on 2025-12-08 10:05:00+05:30
2026-01-19 20:55:33,065 - INFO - End time reached. Auto-closing open position.
2026-01-19 20:55:33,065 - INFO - Closed SHORT position: P&L=20.50
2026-01-19 20:55:33,074 - INFO - Saved trade: 0, P&L=20.5
2026-01-19 20:58:34,813 - INFO - Opened LONG position at 2092.6 on 2025-12-10 09:38:00+05:30
2026-01-19 20:58:34,911 - INFO - Closed LONG position: P&L=-22.30
2026-01-19 20:58:34,911 - INFO - Opened SHORT position at 2073.7 on 2025-12-10 10:58:00+05:30
2026-01-19 20:58:34,914 - INFO - Saved trade: 1, P&L=-22.3
2026-01-19 20:59:02,179 - INFO - End time reached. Auto-closing open position.
2026-01-19 20:59:02,179 - INFO - Closed SHORT position: P&L=6.80
2026-01-19 20:59:02,185 - INFO - Saved trade: 2, P&L=6.8
2026-01-19 21:00:30,809 - INFO - Opened SHORT position at 2071.2 on 2025-12-08 10:05:00+05:30
2026-01-19 21:00:31,159 - INFO - End time reached. Auto-closing open position.
2026-01-19 21:00:31,159 - INFO - Closed SHORT position: P&L=20.50
2026-01-19 21:00:31,169 - INFO - Saved trade: 0, P&L=20.5
2026-01-19 21:00:32,035 - INFO - Opened LONG position at 2092.6 on 2025-12-10 09:38:00+05:30
2026-01-19 21:00:32,124 - INFO - Closed LONG position: P&L=-22.30
2026-01-19 21:00:32,124 - INFO - Opened SHORT position at 2073.7 on 2025-12-10 10:58:00+05:30
2026-01-19 21:00:32,127 - INFO - Saved trade: 1, P&L=-22.3
2026-01-19 21:00:33,106 - INFO - End time reached. Auto-closing open position.
2026-01-19 21:00:33,106 - INFO - Closed SHORT position: P&L=6.80
2026-01-19 21:00:33,109 - INFO - Saved trade: 2, P&L=6.8
2026-01-19 21:00:34,308 - INFO - Opened SHORT position at 2053.3 on 2025-12-11 13:09:00+05:30
2026-01-19 21:00:34,444 - INFO - End time reached. Auto-closing open position.
2026-01-19 21:00:34,444 - INFO - Closed SHORT position: P&L=-12.50
2026-01-19 21:00:34,446 - INFO - Saved trade: 3, P&L=-12.5
2026-01-19 21:00:35,474 - INFO - Opened LONG position at 2080.7 on 2025-12-12 09:37:00+05:30
2026-01-19 21:00:35,533 - INFO - Closed LONG position: P&L=-8.40
2026-01-19 21:00:35,533 - INFO - Opened SHORT position at 2073.9 on 2025-12-12 10:09:00+05:30
2026-01-19 21:00:35,537 - INFO - Saved trade: 4, P&L=-8.4
2026-01-19 21:00:36,748 - INFO - Closed SHORT position: P&L=-9.00
2026-01-19 21:00:36,749 - INFO - Opened LONG position at 2082.8 on 2025-12-12 12:36:00+05:30
2026-01-19 21:00:36,751 - INFO - Saved trade: 5, P&L=-9.0
2026-01-19 21:00:37,997 - INFO - End time reached. Auto-closing open position.
2026-01-19 21:00:37,997 - INFO - Closed LONG position: P&L=-2.00
2026-01-19 21:00:37,999 - INFO - Saved trade: 6, P&L=-2.0
2026-01-19 21:00:39,245 - INFO - Opened SHORT position at 2063.5 on 2025-12-15 09:41:00+05:30
2026-01-19 21:00:39,745 - INFO - End time reached. Auto-closing open position.
2026-01-19 21:00:39,745 - INFO - Closed SHORT position: P&L=-6.90
2026-01-19 21:00:39,749 - INFO - Saved trade: 7, P&L=-6.9
2026-01-19 21:00:41,408 - INFO - Opened SHORT position at 2050.0 on 2025-12-16 10:01:00+05:30
2026-01-19 21:00:41,853 - INFO - End time reached. Auto-closing open position.
2026-01-19 21:00:41,853 - INFO - Closed SHORT position: P&L=12.70
2026-01-19 21:00:41,855 - INFO - Saved trade: 8, P&L=12.7
2026-01-19 21:00:43,982 - INFO - Opened SHORT position at 2022.8 on 2025-12-17 12:03:00+05:30
2026-01-19 21:00:44,215 - INFO - End time reached. Auto-closing open position.
2026-01-19 21:00:44,215 - INFO - Closed SHORT position: P&L=0.70
2026-01-19 21:00:44,217 - INFO - Saved trade: 9, P&L=0.7
2026-01-19 21:01:25,053 - INFO - Opened SHORT position at 2071.2 on 2025-12-08 10:05:00+05:30
2026-01-19 21:01:25,749 - INFO - End time reached. Auto-closing open position.
2026-01-19 21:01:25,750 - INFO - Closed SHORT position: P&L=20.50
2026-01-19 21:01:25,765 - INFO - Saved trade: 0, P&L=20.5
2026-01-19 21:01:27,614 - INFO - Opened LONG position at 2092.6 on 2025-12-10 09:38:00+05:30
2026-01-19 21:01:27,805 - INFO - Closed LONG position: P&L=-22.30
2026-01-19 21:01:27,805 - INFO - Opened SHORT position at 2073.7 on 2025-12-10 10:58:00+05:30
2026-01-19 21:01:27,810 - INFO - Saved trade: 1, P&L=-22.3
2026-01-19 21:01:29,769 - INFO - End time reached. Auto-closing open position.
2026-01-19 21:01:29,769 - INFO - Closed SHORT position: P&L=6.80
2026-01-19 21:01:29,775 - INFO - Saved trade: 2, P&L=6.8
2026-01-19 21:01:32,292 - INFO - Opened SHORT position at 2053.3 on 2025-12-11 13:09:00+05:30
2026-01-19 21:01:32,550 - INFO - End time reached. Auto-closing open position.
2026-01-19 21:01:32,550 - INFO - Closed SHORT position: P&L=-12.50
2026-01-19 21:01:32,556 - INFO - Saved trade: 3, P&L=-12.5
2026-01-19 21:01:34,535 - INFO - Opened LONG position at 2080.7 on 2025-12-12 09:37:00+05:30
2026-01-19 21:01:34,596 - INFO - Closed LONG position: P&L=-8.40
2026-01-19 21:01:34,596 - INFO - Opened SHORT position at 2073.9 on 2025-12-12 10:09:00+05:30
2026-01-19 21:01:34,601 - INFO - Saved trade: 4, P&L=-8.4
2026-01-19 21:01:35,916 - INFO - Closed SHORT position: P&L=-9.00
2026-01-19 21:01:35,916 - INFO - Opened LONG position at 2082.8 on 2025-12-12 12:36:00+05:30
2026-01-19 21:01:35,919 - INFO - Saved trade: 5, P&L=-9.0
2026-01-19 21:01:37,256 - INFO - End time reached. Auto-closing open position.
2026-01-19 21:01:37,256 - INFO - Closed LONG position: P&L=-2.00
2026-01-19 21:01:37,260 - INFO - Saved trade: 6, P&L=-2.0
2026-01-19 21:01:38,511 - INFO - Opened SHORT position at 2063.5 on 2025-12-15 09:41:00+05:30
2026-01-19 21:01:38,956 - INFO - End time reached. Auto-closing open position.
2026-01-19 21:01:38,956 - INFO - Closed SHORT position: P&L=-6.90
2026-01-19 21:01:38,958 - INFO - Saved trade: 7, P&L=-6.9
2026-01-19 21:01:40,475 - INFO - Opened SHORT position at 2050.0 on 2025-12-16 10:01:00+05:30
2026-01-19 21:01:40,842 - INFO - End time reached. Auto-closing open position.
2026-01-19 21:01:40,842 - INFO - Closed SHORT position: P&L=12.70
2026-01-19 21:01:40,845 - INFO - Saved trade: 8, P&L=12.7
2026-01-19 21:01:42,961 - INFO - Opened SHORT position at 2022.8 on 2025-12-17 12:03:00+05:30
2026-01-19 21:01:43,178 - INFO - End time reached. Auto-closing open position.
2026-01-19 21:01:43,178 - INFO - Closed SHORT position: P&L=0.70
2026-01-19 21:01:43,182 - INFO - Saved trade: 9, P&L=0.7
2026-01-19 21:01:45,318 - INFO - Opened LONG position at 2025.4 on 2025-12-18 10:18:00+05:30
2026-01-19 21:01:45,741 - INFO - End time reached. Auto-closing open position.
2026-01-19 21:01:45,741 - INFO - Closed LONG position: P&L=-0.90
2026-01-19 21:01:45,744 - INFO - Saved trade: 10, P&L=-0.9
2026-01-19 21:01:48,058 - INFO - Opened LONG position at 2052.7 on 2025-12-19 09:54:00+05:30
2026-01-19 21:01:48,636 - INFO - End time reached. Auto-closing open position.
2026-01-19 21:01:48,636 - INFO - Closed LONG position: P&L=-9.10
2026-01-19 21:01:48,639 - INFO - Saved trade: 11, P&L=-9.1
2026-01-19 21:01:51,968 - INFO - Opened LONG position at 2057.3 on 2025-12-23 09:38:00+05:30
2026-01-19 21:01:51,975 - INFO - Closed LONG position: P&L=-9.00
2026-01-19 21:01:51,975 - INFO - Opened SHORT position at 2048.7 on 2025-12-23 09:45:00+05:30
2026-01-19 21:01:51,977 - INFO - Saved trade: 12, P&L=-9.0
2026-01-19 21:21:51,996 - INFO - Opened SHORT position at 2071.2 on 2025-12-08 10:05:00+05:30
2026-01-19 21:21:52,380 - INFO - End time reached. Auto-closing open position.
2026-01-19 21:21:52,380 - INFO - Closed SHORT position: P&L=20.50
2026-01-19 21:21:52,401 - INFO - Saved trade: 0, P&L=20.5
2026-01-19 21:21:53,565 - INFO - Opened LONG position at 2092.6 on 2025-12-10 09:38:00+05:30
2026-01-19 21:21:53,653 - INFO - Closed LONG position: P&L=-22.30
2026-01-19 21:21:53,653 - INFO - Opened SHORT position at 2073.7 on 2025-12-10 10:58:00+05:30
2026-01-19 21:21:53,656 - INFO - Saved trade: 1, P&L=-22.3
2026-01-19 21:21:54,784 - INFO - End time reached. Auto-closing open position.
2026-01-19 21:21:54,784 - INFO - Closed SHORT position: P&L=6.80
2026-01-19 21:21:54,786 - INFO - Saved trade: 2, P&L=6.8
2026-01-19 21:21:56,136 - INFO - Opened SHORT position at 2053.3 on 2025-12-11 13:09:00+05:30
2026-01-19 21:21:56,290 - INFO - End time reached. Auto-closing open position.
2026-01-19 21:21:56,291 - INFO - Closed SHORT position: P&L=-12.50
2026-01-19 21:21:56,293 - INFO - Saved trade: 3, P&L=-12.5
2026-01-19 21:21:57,715 - INFO - Opened LONG position at 2080.7 on 2025-12-12 09:37:00+05:30
2026-01-19 21:21:57,887 - INFO - Closed LONG position: P&L=-8.40
2026-01-19 21:21:57,887 - INFO - Opened SHORT position at 2073.9 on 2025-12-12 10:09:00+05:30
2026-01-19 21:21:57,899 - INFO - Saved trade: 4, P&L=-8.4
2026-01-19 21:24:42,211 - INFO - Opened SHORT position at 2071.2 on 2025-12-08 10:05:00+05:30
2026-01-19 21:24:42,522 - INFO - End time reached. Auto-closing open position.
2026-01-19 21:24:42,522 - INFO - Closed SHORT position: P&L=20.50
2026-01-19 21:24:42,532 - INFO - Saved trade: 0, P&L=20.5
2026-01-19 21:24:43,551 - INFO - Opened LONG position at 2092.6 on 2025-12-10 09:38:00+05:30
2026-01-19 21:24:43,638 - INFO - Closed LONG position: P&L=-22.30
2026-01-19 21:24:43,638 - INFO - Opened SHORT position at 2073.7 on 2025-12-10 10:58:00+05:30
2026-01-19 21:24:43,641 - INFO - Saved trade: 1, P&L=-22.3
2026-01-19 21:24:44,807 - INFO - End time reached. Auto-closing open position.
2026-01-19 21:24:44,807 - INFO - Closed SHORT position: P&L=6.80
2026-01-19 21:24:44,809 - INFO - Saved trade: 2, P&L=6.8
2026-01-19 21:24:46,028 - INFO - Opened SHORT position at 2053.3 on 2025-12-11 13:09:00+05:30
2026-01-19 21:24:46,145 - INFO - End time reached. Auto-closing open position.
2026-01-19 21:24:46,146 - INFO - Closed SHORT position: P&L=-12.50
2026-01-19 21:24:46,148 - INFO - Saved trade: 3, P&L=-12.5
2026-01-19 21:24:47,115 - INFO - Opened LONG position at 2080.7 on 2025-12-12 09:37:00+05:30
2026-01-19 21:24:47,195 - INFO - Closed LONG position: P&L=-8.40
2026-01-19 21:24:47,195 - INFO - Opened SHORT position at 2073.9 on 2025-12-12 10:09:00+05:30
2026-01-19 21:24:47,202 - INFO - Saved trade: 4, P&L=-8.4
2026-01-19 21:24:49,010 - INFO - Closed SHORT position: P&L=-9.00
2026-01-19 21:24:49,011 - INFO - Opened LONG position at 2082.8 on 2025-12-12 12:36:00+05:30
2026-01-19 21:24:49,018 - INFO - Saved trade: 5, P&L=-9.0
2026-01-19 21:24:50,479 - INFO - End time reached. Auto-closing open position.
2026-01-19 21:24:50,480 - INFO - Closed LONG position: P&L=-2.00
2026-01-19 21:24:50,485 - INFO - Saved trade: 6, P&L=-2.0
2026-01-19 21:24:51,899 - INFO - Opened SHORT position at 2063.5 on 2025-12-15 09:41:00+05:30
2026-01-19 21:24:52,690 - INFO - End time reached. Auto-closing open position.
2026-01-19 21:24:52,690 - INFO - Closed SHORT position: P&L=-6.90
2026-01-19 21:24:52,693 - INFO - Saved trade: 7, P&L=-6.9
2026-01-19 21:24:54,377 - INFO - Opened SHORT position at 2050.0 on 2025-12-16 10:01:00+05:30
2026-01-19 21:24:54,849 - INFO - End time reached. Auto-closing open position.
2026-01-19 21:24:54,849 - INFO - Closed SHORT position: P&L=12.70
2026-01-19 21:24:54,851 - INFO - Saved trade: 8, P&L=12.7
2026-01-19 21:25:49,961 - INFO - Opened SHORT position at 2071.2 on 2025-12-08 10:05:00+05:30
2026-01-19 21:25:50,374 - INFO - End time reached. Auto-closing open position.
2026-01-19 21:25:50,374 - INFO - Closed SHORT position: P&L=20.50
2026-01-19 21:25:50,389 - INFO - Saved trade: 0, P&L=20.5
2026-01-19 21:26:02,340 - INFO - Opened LONG position at 2092.6 on 2025-12-10 09:38:00+05:30
2026-01-19 21:26:02,595 - INFO - Closed LONG position: P&L=-22.30
2026-01-19 21:26:02,595 - INFO - Opened SHORT position at 2073.7 on 2025-12-10 10:58:00+05:30
2026-01-19 21:26:02,601 - INFO - Saved trade: 1, P&L=-22.3
2026-01-19 21:26:36,227 - INFO - Opened SHORT position at 2071.2 on 2025-12-08 10:05:00+05:30
2026-01-19 21:26:36,549 - INFO - End time reached. Auto-closing open position.
2026-01-19 21:26:36,549 - INFO - Closed SHORT position: P&L=20.50
2026-01-19 21:26:36,559 - INFO - Saved trade: 0, P&L=20.5
2026-01-19 21:28:53,378 - INFO - Opened SHORT position at 2071.2 on 2025-12-08 10:05:00+05:30
2026-01-19 21:28:53,710 - INFO - End time reached. Auto-closing open position.
2026-01-19 21:28:53,710 - INFO - Closed SHORT position: P&L=20.50
2026-01-19 21:28:53,718 - INFO - Saved trade: 0, P&L=20.5
2026-01-19 21:29:05,260 - INFO - Opened LONG position at 2092.6 on 2025-12-10 09:38:00+05:30
2026-01-19 21:29:05,413 - INFO - Closed LONG position: P&L=-22.30
2026-01-19 21:29:05,413 - INFO - Opened SHORT position at 2073.7 on 2025-12-10 10:58:00+05:30
2026-01-19 21:29:05,418 - INFO - Saved trade: 1, P&L=-22.3
2026-01-19 21:30:01,430 - INFO - Opened SHORT position at 2071.2 on 2025-12-08 10:05:00+05:30
2026-01-19 21:30:01,743 - INFO - End time reached. Auto-closing open position.
2026-01-19 21:30:01,744 - INFO - Closed SHORT position: P&L=20.50
2026-01-19 21:30:01,754 - INFO - Saved trade: 0, P&L=20.5
2026-01-19 21:30:09,130 - INFO - Opened LONG position at 2092.6 on 2025-12-10 09:38:00+05:30
2026-01-19 21:30:09,229 - INFO - Closed LONG position: P&L=-22.30
2026-01-19 21:30:09,229 - INFO - Opened SHORT position at 2073.7 on 2025-12-10 10:58:00+05:30
2026-01-19 21:30:09,234 - INFO - Saved trade: 1, P&L=-22.3
2026-01-19 21:30:10,187 - INFO - End time reached. Auto-closing open position.
2026-01-19 21:30:10,187 - INFO - Closed SHORT position: P&L=6.80
2026-01-19 21:30:10,189 - INFO - Saved trade: 2, P&L=6.8
2026-01-19 21:30:11,341 - INFO - Opened SHORT position at 2053.3 on 2025-12-11 13:09:00+05:30
2026-01-19 21:30:11,489 - INFO - End time reached. Auto-closing open position.
2026-01-19 21:30:11,489 - INFO - Closed SHORT position: P&L=-12.50
2026-01-19 21:30:11,493 - INFO - Saved trade: 3, P&L=-12.5
2026-01-19 21:30:12,476 - INFO - Opened LONG position at 2080.7 on 2025-12-12 09:37:00+05:30
2026-01-19 21:30:12,528 - INFO - Closed LONG position: P&L=-8.40
2026-01-19 21:30:12,528 - INFO - Opened SHORT position at 2073.9 on 2025-12-12 10:09:00+05:30
2026-01-19 21:30:12,532 - INFO - Saved trade: 4, P&L=-8.4
2026-01-19 21:30:14,044 - INFO - Closed SHORT position: P&L=-9.00
2026-01-19 21:30:14,044 - INFO - Opened LONG position at 2082.8 on 2025-12-12 12:36:00+05:30
2026-01-19 21:30:14,048 - INFO - Saved trade: 5, P&L=-9.0
2026-01-19 21:30:15,334 - INFO - End time reached. Auto-closing open position.
2026-01-19 21:30:15,334 - INFO - Closed LONG position: P&L=-2.00
2026-01-19 21:30:15,336 - INFO - Saved trade: 6, P&L=-2.0
2026-01-19 21:30:16,543 - INFO - Opened SHORT position at 2063.5 on 2025-12-15 09:41:00+05:30
2026-01-19 21:30:16,985 - INFO - End time reached. Auto-closing open position.
2026-01-19 21:30:16,985 - INFO - Closed SHORT position: P&L=-6.90
2026-01-19 21:30:16,988 - INFO - Saved trade: 7, P&L=-6.9
2026-01-19 21:30:18,510 - INFO - Opened SHORT position at 2050.0 on 2025-12-16 10:01:00+05:30
2026-01-19 21:30:18,846 - INFO - End time reached. Auto-closing open position.
2026-01-19 21:30:18,846 - INFO - Closed SHORT position: P&L=12.70
2026-01-19 21:30:18,848 - INFO - Saved trade: 8, P&L=12.7
2026-01-19 21:30:20,573 - INFO - Opened SHORT position at 2022.8 on 2025-12-17 12:03:00+05:30
2026-01-19 21:30:20,782 - INFO - End time reached. Auto-closing open position.
2026-01-19 21:30:20,782 - INFO - Closed SHORT position: P&L=0.70
2026-01-19 21:30:20,784 - INFO - Saved trade: 9, P&L=0.7
2026-01-19 21:30:22,551 - INFO - Opened LONG position at 2025.4 on 2025-12-18 10:18:00+05:30
2026-01-19 21:30:22,922 - INFO - End time reached. Auto-closing open position.
2026-01-19 21:30:22,922 - INFO - Closed LONG position: P&L=-0.90
2026-01-19 21:30:22,925 - INFO - Saved trade: 10, P&L=-0.9
2026-01-19 21:30:24,919 - INFO - Opened LONG position at 2052.7 on 2025-12-19 09:54:00+05:30
2026-01-19 21:30:25,346 - INFO - End time reached. Auto-closing open position.
2026-01-19 21:30:25,347 - INFO - Closed LONG position: P&L=-9.10
2026-01-19 21:30:25,349 - INFO - Saved trade: 11, P&L=-9.1
